Log file open, 10/06/17 20:35:19
LogWindows: LoadLibraryWithSearchPaths failed for file aqProf.dll. GetLastError=0
LogWindows: LoadLibraryWithSearchPaths failed for file VtuneApi.dll. GetLastError=0
LogWindows: LoadLibraryWithSearchPaths failed for file VtuneApi32e.dll. GetLastError=0
LogInit: Display: Running engine for game: MurderousMusk
LogPlatformFile: Not using cached read wrapper
LogInit: Display: RandInit(-1447750772) SRandInit(-1447750772).
LogTaskGraph: Started task graph with 5 named threads and 14 total threads with 3 sets of task threads.
LogStats: Stats thread started at 0.184084
LogD3D11RHI: Aftermath initialized
LogPluginManager: Mounting plugin Paper2D
LogPluginManager: Mounting plugin LightPropagationVolume
LogPluginManager: Mounting plugin CodeLiteSourceCodeAccess
LogPluginManager: Mounting plugin GitSourceControl
LogPluginManager: Mounting plugin KDevelopSourceCodeAccess
LogPluginManager: Mounting plugin NullSourceCodeAccess
LogPluginManager: Mounting plugin PerforceSourceControl
LogPluginManager: Mounting plugin SubversionSourceControl
LogPluginManager: Mounting plugin UObjectPlugin
LogPluginManager: Mounting plugin VisualStudioSourceCodeAccess
LogPluginManager: Mounting plugin XCodeSourceCodeAccess
LogPluginManager: Mounting plugin AssetManagerEditor
LogPluginManager: Mounting plugin AudioCapture
LogPluginManager: Mounting plugin FacialAnimation
LogPluginManager: Mounting plugin GameplayTagsEditor
LogPluginManager: Mounting plugin MobileLauncherProfileWizard
LogPluginManager: Mounting plugin PluginBrowser
LogPluginManager: Mounting plugin SpeedTreeImporter
LogPluginManager: Mounting plugin AlembicImporter
LogPluginManager: Mounting plugin CharacterAI
LogPluginManager: Mounting plugin HTML5Networking
LogPluginManager: Mounting plugin AndroidMedia
LogPluginManager: Mounting plugin AvfMedia
LogPluginManager: Mounting plugin MediaPlayerEditor
LogPluginManager: Mounting plugin WmfMedia
LogPluginManager: Mounting plugin TcpMessaging
LogPluginManager: Mounting plugin UdpMessaging
LogPluginManager: Mounting plugin LevelSequenceEditor
LogPluginManager: Mounting plugin MatineeToLevelSequence
LogPluginManager: Mounting plugin OnlineSubsystemGooglePlay
LogPluginManager: Mounting plugin OnlineSubsystemIOS
LogPluginManager: Mounting plugin OnlineSubsystem
LogPluginManager: Mounting plugin OnlineSubsystemNull
LogPluginManager: Mounting plugin OnlineSubsystemUtils
LogPluginManager: Mounting plugin AndroidDeviceProfileSelector
LogPluginManager: Mounting plugin AndroidMoviePlayer
LogPluginManager: Mounting plugin AndroidPermission
LogPluginManager: Mounting plugin AppleMoviePlayer
LogPluginManager: Mounting plugin ArchVisCharacter
LogPluginManager: Mounting plugin CableComponent
LogPluginManager: Mounting plugin CustomMeshComponent
LogPluginManager: Mounting plugin ExampleDeviceProfileSelector
LogPluginManager: Mounting plugin GoogleCloudMessaging
LogPluginManager: Mounting plugin ImmediatePhysics
LogPluginManager: Mounting plugin IOSDeviceProfileSelector
LogPluginManager: Mounting plugin LinuxDeviceProfileSelector
LogPluginManager: Mounting plugin LocationServicesBPLibrary
LogPluginManager: Mounting plugin MobilePatchingUtils
LogPluginManager: Mounting plugin OculusVR
LogPluginManager: Mounting plugin PhysXVehicles
LogPluginManager: Mounting plugin ProceduralMeshComponent
LogPluginManager: Mounting plugin RuntimePhysXCooking
LogPluginManager: Mounting plugin SteamVR
LogPluginManager: Mounting plugin WindowsMoviePlayer
LogInit: Using libcurl 7.47.1
LogInit:  - built for x86_64-pc-win32
LogInit:  - supports SSL with OpenSSL/1.0.2g
LogInit:  - supports HTTP deflate (compression) using libz 1.2.8
LogInit:  - other features:
LogInit:      CURL_VERSION_SSL
LogInit:      CURL_VERSION_LIBZ
LogInit:      CURL_VERSION_IPV6
LogInit:      CURL_VERSION_ASYNCHDNS
LogInit:      CURL_VERSION_LARGEFILE
LogInit:      CURL_VERSION_IDN
LogInit:  CurlRequestOptions (configurable via config and command line):
LogInit:  - bVerifyPeer = false  - Libcurl will NOT verify peer certificate
LogInit:  - bUseHttpProxy = false  - Libcurl will NOT use HTTP proxy
LogInit:  - bDontReuseConnections = false  - Libcurl will reuse connections
LogInit:  - CertBundlePath = nullptr  - Libcurl will use whatever was configured at build time.
LogInit: Build: ++UE4+Release-4.17-CL-3573198
LogInit: Engine Version: 4.17.0-3573198+++UE4+Release-4.17
LogInit: Compatible Engine Version: 4.17.0-3573198+++UE4+Release-4.17
LogInit: Net CL: 3573198
LogDevObjectVersion: Number of dev versions registered: 16
LogDevObjectVersion:   Dev-Blueprints (B0D832E4-1F89-4F0D-ACCF-7EB736FD4AA2): 10
LogDevObjectVersion:   Dev-Build (E1C64328-A22C-4D53-A36C-8E866417BD8C): 0
LogDevObjectVersion:   Dev-Core (375EC13C-06E4-48FB-B500-84F0262A717E): 2
LogDevObjectVersion:   Dev-Editor (E4B068ED-F494-42E9-A231-DA0B2E46BB41): 20
LogDevObjectVersion:   Dev-Framework (CFFC743F-43B0-4480-9391-14DF171D2073): 28
LogDevObjectVersion:   Dev-Mobile (B02B49B5-BB20-44E9-A304-32B752E40360): 0
LogDevObjectVersion:   Dev-Networking (A4E4105C-59A1-49B5-A7C5-40C4547EDFEE): 0
LogDevObjectVersion:   Dev-Online (39C831C9-5AE6-47DC-9A44-9C173E1C8E7C): 0
LogDevObjectVersion:   Dev-Physics (78F01B33-EBEA-4F98-B9B4-84EACCB95AA2): 0
LogDevObjectVersion:   Dev-Platform (6631380F-2D4D-43E0-8009-CF276956A95A): 0
LogDevObjectVersion:   Dev-Rendering (12F88B9F-8875-4AFC-A67C-D90C383ABD29): 19
LogDevObjectVersion:   Dev-Sequencer (7B5AE74C-D270-4C10-A958-57980B212A5A): 4
LogDevObjectVersion:   Dev-VR (D7296918-1DD6-4BDD-9DE2-64A83CC13884): 0
LogDevObjectVersion:   Dev-LoadTimes (C2A15278-BFE7-4AFE-6C17-90FF531DF755): 1
LogDevObjectVersion:   Private-Geometry (6EACA3D4-40EC-4CC1-B786-8BED09428FC5): 1
LogDevObjectVersion:   Dev-AnimPhys (29E575DD-E0A3-4627-9D10-D276232CDCEA): 7
LogInit: Compiled (64-bit): Aug  4 2017 16:30:33
LogInit: Compiled with Visual C++: 19.00.24215.01
LogInit: Build Configuration: Development
LogInit: Branch Name: ++UE4+Release-4.17
LogInit: Command line: 
LogInit: Base directory: C:/Program Files (x86)/Epic Games/UE_4.17/Engine/Binaries/Win64/
LogInit: Installed Engine Build: 1
LogInit: Presizing for max 8388607 objects, including 0 objects not considered by GC, pre-allocating 0 bytes for permanent pool.
LogInit: Object subsystem initialized
[2017.10.06-19.35.20:849][  0]LogInit: Selected Device Profile: [Windows]
[2017.10.06-19.35.20:849][  0]LogInit: Applying CVar settings loaded from the selected device profile: [Windows]
[2017.10.06-19.35.20:888][  0]LogInit: Computer: MC10774
[2017.10.06-19.35.20:888][  0]LogInit: User: 1602897
[2017.10.06-19.35.20:888][  0]LogInit: CPU Page size=4096, Cores=4
[2017.10.06-19.35.20:888][  0]LogInit: High frequency timer resolution =3.117998 MHz
[2017.10.06-19.35.20:889][  0]LogMemory: Memory total: Physical=7.9GB (8GB approx)
[2017.10.06-19.35.20:889][  0]LogMemory: Platform Memory Stats for Windows
[2017.10.06-19.35.20:889][  0]LogMemory: Process Physical Memory: 279.34 MB used, 279.34 MB peak
[2017.10.06-19.35.20:889][  0]LogMemory: Process Virtual Memory: 276.45 MB used, 276.45 MB peak
[2017.10.06-19.35.20:889][  0]LogMemory: Physical Memory: 2568.25 MB used,  5566.70 MB free, 8134.95 MB total
[2017.10.06-19.35.20:889][  0]LogMemory: Virtual Memory: 655.19 MB used,  5566.70 MB free, 8388608.00 MB total
[2017.10.06-19.35.21:250][  0]LogInit: Using OS detected language (en-GB).
[2017.10.06-19.35.21:250][  0]LogInit: Using OS detected locale (en-GB).
[2017.10.06-19.35.21:254][  0]LogTextLocalizationManager: No specific localization for 'en-GB' exists, so the 'en' localization will be used.
[2017.10.06-19.35.22:059][  0]LogD3D11RHI: D3D11 adapters:
[2017.10.06-19.35.22:073][  0]LogD3D11RHI:    0. 'NVIDIA GeForce GT 440' (Feature Level 11_0)
[2017.10.06-19.35.22:073][  0]LogD3D11RHI:       979/0/3071 MB DedicatedVideo/DedicatedSystem/SharedSystem, Outputs:1, VendorId:0x10de
[2017.10.06-19.35.22:073][  0]LogD3D11RHI: Chosen D3D11 Adapter: 0
[2017.10.06-19.35.22:077][  0]LogD3D11RHI: Creating new Direct3DDevice
[2017.10.06-19.35.22:078][  0]LogD3D11RHI:     GPU DeviceId: 0xde0 (for the marketing name, search the web for "GPU Device Id")
[2017.10.06-19.35.22:078][  0]LogWindows: EnumDisplayDevices:
[2017.10.06-19.35.22:078][  0]LogWindows:    0. 'NVIDIA GeForce GT 440' (P:1 D:1)
[2017.10.06-19.35.22:078][  0]LogWindows:    1. 'NVIDIA GeForce GT 440' (P:0 D:0)
[2017.10.06-19.35.22:078][  0]LogWindows:    2. 'RDPDD Chained DD' (P:0 D:0)
[2017.10.06-19.35.22:078][  0]LogWindows:    3. 'RDP Encoder Mirror Driver' (P:0 D:0)
[2017.10.06-19.35.22:078][  0]LogWindows:    4. 'RDP Reflector Display Driver' (P:0 D:0)
[2017.10.06-19.35.22:079][  0]LogWindows: DebugString: GetVideoDriverDetailsInvalid PrimaryIsNotTheChoosenAdapter GetVideoDriverDetailsInvalid PrimaryIsNotTheChoosenAdapter GetVideoDriverDetailsInvalid PrimaryIsNotTheChoosenAdapter FoundDriverCount:2 
[2017.10.06-19.35.22:079][  0]LogD3D11RHI:     Adapter Name: NVIDIA GeForce GT 440
[2017.10.06-19.35.22:079][  0]LogD3D11RHI:   Driver Version: 378.92 (internal:21.21.13.7892, unified:378.92)
[2017.10.06-19.35.22:079][  0]LogD3D11RHI:      Driver Date: 3-16-2017
[2017.10.06-19.35.22:079][  0]LogRHI: Texture pool is 685 MB (70% of 979 MB)
[2017.10.06-19.35.22:090][  0]LogD3D11RHI: Display: Timestamp queries are currently disabled on this hardware due to instability. Realtime GPU stats will not be available. You can override this behaviour by setting r.NVIDIATimestampWorkaround to 0
[2017.10.06-19.35.22:090][  0]LogD3D11RHI: Async texture creation enabled
[2017.10.06-19.35.22:105][  0]LogD3D11RHI: GPU Timing Frequency: 1000.000000 (Debug: 2 2)
[2017.10.06-19.35.22:153][  0]LogShaderCompilers: Guid format shader working directory is 22 characters bigger than the processId version (M:/GitHub/MM/MurderousMusk/Intermediate/Shaders/WorkingDirectory/7216/).
[2017.10.06-19.35.22:153][  0]LogShaderCompilers: Cleaned the shader compiler working directory 'C:/Users/1602897/AppData/Local/Temp/UnrealShaderWorkingDir/03C0613D4609328FED11679455A408B2/'.
[2017.10.06-19.35.22:153][  0]LogShaderCompilers: Display: Using Local Shader Compiler.
[2017.10.06-19.35.23:351][  0]LogTemp: Display: Loaded TP AllDesktopTargetPlatform
[2017.10.06-19.35.23:457][  0]LogTemp: Display: Loaded TP MacClientTargetPlatform
[2017.10.06-19.35.23:561][  0]LogTemp: Display: Loaded TP MacNoEditorTargetPlatform
[2017.10.06-19.35.23:665][  0]LogTemp: Display: Loaded TP MacServerTargetPlatform
[2017.10.06-19.35.23:772][  0]LogTemp: Display: Loaded TP MacTargetPlatform
[2017.10.06-19.35.23:877][  0]LogTemp: Display: Loaded TP WindowsClientTargetPlatform
[2017.10.06-19.35.23:984][  0]LogTemp: Display: Loaded TP WindowsNoEditorTargetPlatform
[2017.10.06-19.35.24:091][  0]LogTemp: Display: Loaded TP WindowsServerTargetPlatform
[2017.10.06-19.35.24:184][  0]LogTemp: Display: Loaded TP WindowsTargetPlatform
[2017.10.06-19.35.24:290][  0]LogTemp: Display: Loaded TP AndroidTargetPlatform
[2017.10.06-19.35.24:395][  0]LogTemp: Display: Loaded TP Android_ASTCTargetPlatform
[2017.10.06-19.35.24:501][  0]LogTemp: Display: Loaded TP Android_ATCTargetPlatform
[2017.10.06-19.35.24:605][  0]LogTemp: Display: Loaded TP Android_DXTTargetPlatform
[2017.10.06-19.35.24:711][  0]LogTemp: Display: Loaded TP Android_ETC1TargetPlatform
[2017.10.06-19.35.24:815][  0]LogTemp: Display: Loaded TP Android_ETC2TargetPlatform
[2017.10.06-19.35.25:024][  0]LogTemp: Display: Loaded TP Android_MultiTargetPlatform
[2017.10.06-19.35.25:024][  0]LogTemp: Display: Loaded TP Android_PVRTCTargetPlatform
[2017.10.06-19.35.25:111][  0]LogTemp: Display: Loaded TP HTML5TargetPlatform
[2017.10.06-19.35.25:281][  0]LogTemp: Display: Loaded TP IOSTargetPlatform
[2017.10.06-19.35.25:342][  0]LogTemp: Display: Loaded TP TVOSTargetPlatform
[2017.10.06-19.35.25:446][  0]LogTemp: Display: Loaded TP LinuxClientTargetPlatform
[2017.10.06-19.35.25:550][  0]LogTemp: Display: Loaded TP LinuxNoEditorTargetPlatform
[2017.10.06-19.35.25:654][  0]LogTemp: Display: Loaded TP LinuxServerTargetPlatform
[2017.10.06-19.35.25:760][  0]LogTemp: Display: Loaded TP LinuxTargetPlatform
[2017.10.06-19.35.25:760][  0]LogTargetPlatformManager: Display: Building Assets For Windows
[2017.10.06-19.35.26:780][  0]LogDerivedDataCache: Display: Max Cache Size: 512 MB
[2017.10.06-19.35.26:885][  0]LogDerivedDataCache: Loaded boot cache 0.11s 93MB C:/Users/1602897/AppData/Local/UnrealEngine/4.17/DerivedDataCache/Boot.ddc.
[2017.10.06-19.35.26:885][  0]LogDerivedDataCache: Display: Loaded Boot cache: C:/Users/1602897/AppData/Local/UnrealEngine/4.17/DerivedDataCache/Boot.ddc
[2017.10.06-19.35.26:886][  0]LogDerivedDataCache: FDerivedDataBackendGraph:  Pak pak cache file M:/GitHub/MM/MurderousMusk/DerivedDataCache/DDC.ddp not found, will not use a pak cache.
[2017.10.06-19.35.26:886][  0]LogDerivedDataCache: Unable to find inner node Pak for hierarchical cache Hierarchy.
[2017.10.06-19.35.26:887][  0]LogDerivedDataCache: FDerivedDataBackendGraph:  CompressedPak pak cache file M:/GitHub/MM/MurderousMusk/DerivedDataCache/Compressed.ddp not found, will not use a pak cache.
[2017.10.06-19.35.26:887][  0]LogDerivedDataCache: Unable to find inner node CompressedPak for hierarchical cache Hierarchy.
[2017.10.06-19.35.26:906][  0]LogDerivedDataCache: Display: Pak cache opened for reading ../../../Engine/DerivedDataCache/Compressed.ddp.
[2017.10.06-19.35.26:918][  0]LogDerivedDataCache: Using Local data cache path C:/Users/1602897/AppData/Local/UnrealEngine/Common/DerivedDataCache: Writable
[2017.10.06-19.35.26:930][  0]LogMaterial: Verifying Global Shaders for PCD3D_SM5
[2017.10.06-19.35.26:931][  0]LogSlate: Using Freetype 2.6.0
[2017.10.06-19.35.26:931][  0]LogSlate: SlateFontCache - WITH_FREETYPE: 1, WITH_HARFBUZZ: 1
[2017.10.06-19.35.26:931][  0]LogSlate: SlateFontCache - WITH_FREETYPE: 1, WITH_HARFBUZZ: 1
[2017.10.06-19.35.27:251][  0]LogAssetRegistry: FAssetRegistry took 0.0261 seconds to start up
[2017.10.06-19.35.27:603][  0]LogInit: Selected Device Profile: [Windows]
[2017.10.06-19.35.27:609][  0]LogContentStreaming: Texture pool size is 0.00 MB
[2017.10.06-19.35.28:541][  0]LogSimplygon: Simplygon DLL not present - disabling.
[2017.10.06-19.35.28:629][  0]LogMeshReduction: Using SimplygonSwarm for distributed automatic mesh merging
[2017.10.06-19.35.28:629][  0]LogMeshReduction: Using QuadricMeshReduction for automatic static mesh reduction
[2017.10.06-19.35.28:629][  0]LogMeshReduction: No automatic skeletal mesh reduction module available
[2017.10.06-19.35.28:629][  0]LogMeshReduction: No automatic mesh merging module available
[2017.10.06-19.35.28:629][  0]LogMeshMerging: No automatic mesh merging module available
[2017.10.06-19.35.29:152][  0]LogNetVersion: MurderousMusk , NetCL: 3573198, EngineNetVer: 2, GameNetVer: 0 (Checksum: 1135293484)
[2017.10.06-19.35.30:187][  0]LogPackageLocalizationCache: Processed 5 localized package path(s) for 2 prioritized culture(s) in 0.787756 seconds
[2017.10.06-19.35.30:199][  0]LogUObjectArray: 35825 objects as part of root set at end of initial load.
[2017.10.06-19.35.30:199][  0]LogUObjectAllocator: 7529112 out of 0 bytes used by permanent object pool.
[2017.10.06-19.35.30:199][  0]LogUObjectArray: CloseDisregardForGC: 0/0 objects in disregard for GC pool
[2017.10.06-19.35.30:358][  0]LogInit: WinSock: version 1.1 (2.2), MaxSocks=32767, MaxUdp=65467
[2017.10.06-19.35.34:630][  0]LogTcpMessaging: Initializing TcpMessaging bridge
[2017.10.06-19.35.34:694][  0]LogUdpMessaging: Initializing bridge on interface 0.0.0.0:0 to multicast group 230.0.0.1:6666.
[2017.10.06-19.35.34:695][  0]LogDirectoryWatcher: A directory notification failed for 'M:/GitHub/MM/MurderousMusk/Content/' because it was empty or there was a buffer overflow. Attemping another request...
[2017.10.06-19.35.35:927][  0]LogMaterial: Uniform references updated for custom material expression Custom.
[2017.10.06-19.35.36:708][  0]SourceControl: Source control is disabled
[2017.10.06-19.35.36:708][  0]SourceControl: Source control is disabled
[2017.10.06-19.35.36:807][  0]SourceControl: Source control is disabled
[2017.10.06-19.35.36:902][  0]SourceControl: Source control is disabled
[2017.10.06-19.35.38:079][  0]LogAndroidPermission: UAndroidPermissionCallbackProxy::GetInstance
[2017.10.06-19.35.38:595][  0]LogOcInput: OculusInput pre-init called
[2017.10.06-19.35.39:083][  0]LogEngine: Initializing Engine...
[2017.10.06-19.35.39:085][  0]LogHMD: Failed to initialize OpenVR with code 110
[2017.10.06-19.35.39:363][  0]LogStats: UGameplayTagsManager::ConstructGameplayTagTree: Construct from data asset -  0.000 s
[2017.10.06-19.35.39:363][  0]LogStats: UGameplayTagsManager::ConstructGameplayTagTree: GameplayTagTreeChangedEvent.Broadcast -  0.000 s
[2017.10.06-19.35.39:702][  0]LogAIModule: Creating AISystem for world Untitled
[2017.10.06-19.35.39:713][  0]LogInit: XAudio2 using 'Speakers (Realtek High Definition Audio)' : 2 channels at 48 kHz using 32 bits per sample (channel mask 0x3)
[2017.10.06-19.35.39:741][  0]LogInit: FAudioDevice initialized.
[2017.10.06-19.35.39:957][  0]LogDerivedDataCache: Saved boot cache 0.22s 93MB C:/Users/1602897/AppData/Local/UnrealEngine/4.17/DerivedDataCache/Boot.ddc.
[2017.10.06-19.35.39:977][  0]LogInit: Texture streaming: Enabled
[2017.10.06-19.35.40:234][  0]LogEngineSessionManager: EngineSessionManager initialized
[2017.10.06-19.35.40:686][  0]LogInit: Transaction tracking system initialized
[2017.10.06-19.35.41:356][  0]BlueprintLog: New page: Editor Load
[2017.10.06-19.35.43:313][  0]LocalizationService: Localization service is disabled
[2017.10.06-19.35.44:777][  0]LogConsoleResponse: Display: 
[2017.10.06-19.35.44:991][  0]LogCook: Display: Max memory allowance for cook 16384mb min free memory 0mb
[2017.10.06-19.35.44:991][  0]LogCook: Display: Mobile HDR setting 1
[2017.10.06-19.35.44:991][  0]LogGameplayTags: Display: UGameplayTagsManager::DoneAddingNativeTags. DelegateIsBound: 0
[2017.10.06-19.35.45:542][  0]LogFileCache: Scanning file cache for directory 'M:/GitHub/MM/MurderousMusk/Content/' took 0.09s
[2017.10.06-19.35.47:127][  0]SourceControl: Source control is disabled
[2017.10.06-19.35.47:127][  0]Cmd: MAP LOAD FILE="M:/GitHub/MM/MurderousMusk/Content/TopDownBP/Maps/TopDownExampleMap.umap" TEMPLATE=0 SHOWPROGRESS=1 FEATURELEVEL=3
[2017.10.06-19.35.47:141][  0]LightingResults: New page: Lighting Build
[2017.10.06-19.35.47:230][  0]MapCheck: New page: Map Check
[2017.10.06-19.35.47:230][  0]LightingResults: New page: Lighting Build
[2017.10.06-19.35.48:498][  0]LogLinker: Warning: Can't find file '/Game/TopDownBP/Maps/TopDownExampleMap_BuiltData'
[2017.10.06-19.35.48:498][  0]LogLinker: Warning: Can't find file for asset '/Game/TopDownBP/Maps/TopDownExampleMap_BuiltData' while loading M:/GitHub/MM/MurderousMusk/Content/TopDownBP/Maps/TopDownExampleMap.umap.
[2017.10.06-19.35.48:498][  0]LoadErrors: Error: /Game/TopDownBP/Maps/TopDownExampleMap : Can't find file for asset. /Game/TopDownBP/Maps/TopDownExampleMap_BuiltData
[2017.10.06-19.35.48:536][  0]LogLinker: Warning: Can't find file '/Game/TopDownBP/Maps/TopDownExampleMap_BuiltData'
[2017.10.06-19.35.48:536][  0]LogLinker: Warning: Can't find file for asset '/Game/TopDownBP/Maps/TopDownExampleMap_BuiltData' while loading M:/GitHub/MM/MurderousMusk/Content/TopDownBP/Maps/TopDownExampleMap.umap.
[2017.10.06-19.35.48:536][  0]LoadErrors: Error: /Game/TopDownBP/Maps/TopDownExampleMap : Can't find file for asset. /Game/TopDownBP/Maps/TopDownExampleMap_BuiltData
[2017.10.06-19.35.48:539][  0]LogLinker: Warning: Can't find file '/Game/TopDownBP/Maps/TopDownExampleMap_BuiltData'
[2017.10.06-19.35.48:539][  0]LogLinker: Warning: Can't find file for asset '/Game/TopDownBP/Maps/TopDownExampleMap_BuiltData' while loading NULL.
[2017.10.06-19.35.48:539][  0]LogLinker: Warning: Can't find file '/Game/TopDownBP/Maps/TopDownExampleMap_BuiltData'
[2017.10.06-19.35.48:540][  0]LogLinker: Warning: Can't find file for asset '/Game/TopDownBP/Maps/TopDownExampleMap_BuiltData' while loading NULL.
[2017.10.06-19.35.48:777][  0]LogLinker: Warning: Can't find file '/Game/TopDownBP/Maps/TopDownExampleMap_BuiltData'
[2017.10.06-19.35.48:777][  0]LoadErrors: Failed to load /Game/TopDownBP/Maps/TopDownExampleMap_BuiltData.TopDownExampleMap_BuiltData Referenced by PersistentLevel
[2017.10.06-19.35.48:778][  0]LogLinker: Warning: Can't find file for asset '/Game/TopDownBP/Maps/TopDownExampleMap_BuiltData' while loading NULL.
[2017.10.06-19.35.48:778][  0]LoadErrors: Failed to load /Game/TopDownBP/Maps/TopDownExampleMap_BuiltData.TopDownExampleMap_BuiltData Referenced by PersistentLevel
[2017.10.06-19.35.49:658][  0]LogAIModule: Creating AISystem for world TopDownExampleMap
[2017.10.06-19.35.49:669][  0]LogEditorServer: Finished looking for orphan Actors (0.000 secs)
[2017.10.06-19.35.49:697][  0]Cmd: MAP CHECKDEP NOCLEARLOG
[2017.10.06-19.35.49:791][  0]MapCheck: Map check complete: 0 Error(s), 0 Warning(s), took 93.836ms to complete.
[2017.10.06-19.35.49:791][  0]LogFileHelpers: Loading map 'TopDownExampleMap' took 2.663
[2017.10.06-19.35.50:012][  0]LogCollectionManager: Loaded 0 collections in 0.005932 seconds
[2017.10.06-19.35.50:160][  0]LogFileCache: Scanning file cache for directory 'M:/GitHub/MM/MurderousMusk/Saved/Collections/' took 0.01s
[2017.10.06-19.35.50:160][  0]LogFileCache: Scanning file cache for directory 'M:/GitHub/MM/MurderousMusk/Content/Developers/1602897/Collections/' took 0.01s
[2017.10.06-19.35.50:160][  0]LogFileCache: Scanning file cache for directory 'M:/GitHub/MM/MurderousMusk/Content/Collections/' took 0.01s
[2017.10.06-19.35.50:160][  0]LogCollectionManager: Rebuilt the GUID cache for 0 collections in 0.000001 seconds
[2017.10.06-19.35.50:170][  0]LogContentBrowser: Native class hierarchy populated in 0.0100 seconds. Added 2386 classes and 500 folders.
[2017.10.06-19.35.50:310][  0]LogContentBrowser: Native class hierarchy updated for 'WidgetCarousel' in 0.0010 seconds. Added 0 classes and 0 folders.
[2017.10.06-19.35.50:368][  0]LogContentBrowser: Native class hierarchy updated for 'AddContentDialog' in 0.0010 seconds. Added 0 classes and 0 folders.
[2017.10.06-19.35.50:459][  0]LogContentBrowser: Native class hierarchy updated for 'SceneOutliner' in 0.0012 seconds. Added 1 classes and 2 folders.
[2017.10.06-19.35.50:481][  0]LogSlate: Took 0.000260 seconds to synchronously load lazily loaded font '../../../Engine/Content/Slate/Fonts/Roboto-Regular.ttf' (155K)
[2017.10.06-19.35.50:483][  0]LogSlate: Took 0.000257 seconds to synchronously load lazily loaded font '../../../Engine/Content/Slate/Fonts/Roboto-Bold.ttf' (160K)
[2017.10.06-19.35.50:489][  0]LogSlate: Took 0.000196 seconds to synchronously load lazily loaded font '../../../Engine/Content/Editor/Slate/Fonts/FontAwesome.ttf' (139K)
[2017.10.06-19.35.50:646][  0]LogRenderer: Reallocating scene render targets to support 1004x456 Format 10 NumSamples 1 (Frame:1).
[2017.10.06-19.35.51:104][  0]LogContentBrowser: Native class hierarchy updated for 'HierarchicalLODOutliner' in 0.0011 seconds. Added 1 classes and 2 folders.
[2017.10.06-19.35.51:104][  0]LogLoad: (Engine Initialization) Total time: 33.59 seconds
[2017.10.06-19.35.51:104][  0]LogLoad: (Engine Initialization) Total Blueprint compile time: 0.00 seconds
[2017.10.06-19.35.51:104][  0]LogExternalProfiler: Found external profiler: VSPerf
[2017.10.06-19.35.51:104][  0]LogExternalProfiler: Using external profiler: VSPerf
[2017.10.06-19.35.51:461][  0]LogDirectoryWatcher: A directory notification failed for 'M:/GitHub/MM/MurderousMusk/Content/' because it was empty or there was a buffer overflow. Attemping another request...
[2017.10.06-19.35.51:462][  0]LogDirectoryWatcher: A directory notification failed for 'M:/GitHub/MM/MurderousMusk/Content/', and we were unable to create a new request.
[2017.10.06-19.35.51:462][  0]LogDirectoryWatcher: A directory notification failed for 'M:/GitHub/MM/MurderousMusk/Saved/Collections/' because it was empty or there was a buffer overflow. Attemping another request...
[2017.10.06-19.35.51:462][  0]LogDirectoryWatcher: A directory notification failed for 'M:/GitHub/MM/MurderousMusk/Content/Developers/1602897/Collections/' because it was empty or there was a buffer overflow. Attemping another request...
[2017.10.06-19.35.51:462][  0]LogDirectoryWatcher: A directory notification failed for 'M:/GitHub/MM/MurderousMusk/Content/Collections/' because it was empty or there was a buffer overflow. Attemping another request...
[2017.10.06-19.35.51:467][  0]LogContentStreaming: Texture pool size now 1000 MB
[2017.10.06-19.35.51:516][  0]LogSlate: Took 0.000285 seconds to synchronously load lazily loaded font '../../../Engine/Content/Slate/Fonts/Roboto-Light.ttf' (159K)
[2017.10.06-19.35.52:128][  2]LogAssetRegistry: Asset discovery search completed in 24.8954 seconds
[2017.10.06-19.35.52:132][  2]LogCollectionManager: Rebuilt the object cache for 0 collections in 0.000001 seconds (found 0 objects)
[2017.10.06-19.35.52:132][  2]LogCollectionManager: Fixed up redirectors for 0 collections in 0.000070 seconds (updated 0 objects)
[2017.10.06-19.35.52:132][  2]LogDirectoryWatcher: A directory notification failed for 'M:/GitHub/MM/MurderousMusk/Saved/Collections/' because it was empty or there was a buffer overflow. Attemping another request...
[2017.10.06-19.35.52:133][  2]LogDirectoryWatcher: A directory notification failed for 'M:/GitHub/MM/MurderousMusk/Saved/Collections/', and we were unable to create a new request.
[2017.10.06-19.35.52:133][  2]LogDirectoryWatcher: A directory notification failed for 'M:/GitHub/MM/MurderousMusk/Content/Developers/1602897/Collections/' because it was empty or there was a buffer overflow. Attemping another request...
[2017.10.06-19.35.52:133][  2]LogDirectoryWatcher: A directory notification failed for 'M:/GitHub/MM/MurderousMusk/Content/Developers/1602897/Collections/', and we were unable to create a new request.
[2017.10.06-19.35.52:133][  2]LogDirectoryWatcher: A directory notification failed for 'M:/GitHub/MM/MurderousMusk/Content/Collections/' because it was empty or there was a buffer overflow. Attemping another request...
[2017.10.06-19.35.52:134][  2]LogDirectoryWatcher: A directory notification failed for 'M:/GitHub/MM/MurderousMusk/Content/Collections/', and we were unable to create a new request.
[2017.10.06-19.35.52:464][  3]LogSlate: Took 0.000429 seconds to synchronously load lazily loaded font '../../../Engine/Content/Slate/Fonts/Roboto-Light.ttf' (159K)
[2017.10.06-19.43.05:675][ 13]LogSlate: Took 0.000333 seconds to synchronously load lazily loaded font '../../../Engine/Content/Slate/Fonts/Roboto-Light.ttf' (159K)
[2017.10.06-19.45.51:912][898]LogFileHelpers: Editor autosave (incl. sublevels) for '/Game/TopDownBP/Maps/TopDownExampleMap' took 0.021
[2017.10.06-19.45.51:924][898]OBJ SavePackage: Generating thumbnails for [0] asset(s) in package [/Game/TopDownBP/Blueprints/Inventory] ([1] browsable assets)...
[2017.10.06-19.45.51:924][898]OBJ SavePackage: Finished generating thumbnails for package [/Game/TopDownBP/Blueprints/Inventory]
[2017.10.06-19.45.51:924][898]Cmd: OBJ SAVEPACKAGE PACKAGE="/Game/TopDownBP/Blueprints/Inventory" FILE="M:/GitHub/MM/MurderousMusk/Saved/Autosaves/Game/TopDownBP/Blueprints/Inventory_Auto1.uasset" SILENT=false AUTOSAVING=true
[2017.10.06-19.45.51:964][898]LogSavePackage: Save=27.71ms
[2017.10.06-19.45.51:964][898]LogSavePackage: Moving 'M:/GitHub/MM/MurderousMusk/Saved/Inventory_Auto1331E7FEC4A5D2C9F130AB4994D8A4983.tmp' to 'M:/GitHub/MM/MurderousMusk/Saved/Autosaves/Game/TopDownBP/Blueprints/Inventory_Auto1.uasset'
[2017.10.06-19.45.51:981][898]LogSavePackage: Display: Finished SavePackage M:/GitHub/MM/MurderousMusk/Saved/Autosaves/Game/TopDownBP/Blueprints/Inventory_Auto1.uasset
[2017.10.06-19.45.51:981][898]LogFileHelpers: Auto-saving content packages took 0.068
[2017.10.06-19.47.50:328][731]LogRenderer: Reallocating scene render targets to support 1004x744 Format 10 NumSamples 1 (Frame:1385).
[2017.10.06-19.56.00:801][941]LogFileHelpers: Editor autosave (incl. sublevels) for '/Game/TopDownBP/Maps/TopDownExampleMap' took 0.023
[2017.10.06-19.56.00:815][941]OBJ SavePackage: Generating thumbnails for [0] asset(s) in package [/Game/TopDownBP/Blueprints/InventoryType] ([1] browsable assets)...
[2017.10.06-19.56.00:815][941]OBJ SavePackage: Finished generating thumbnails for package [/Game/TopDownBP/Blueprints/InventoryType]
[2017.10.06-19.56.00:815][941]Cmd: OBJ SAVEPACKAGE PACKAGE="/Game/TopDownBP/Blueprints/InventoryType" FILE="M:/GitHub/MM/MurderousMusk/Saved/Autosaves/Game/TopDownBP/Blueprints/InventoryType_Auto2.uasset" SILENT=false AUTOSAVING=true
[2017.10.06-19.56.00:838][941]LogSavePackage: Save=10.94ms
[2017.10.06-19.56.00:838][941]LogSavePackage: Moving 'M:/GitHub/MM/MurderousMusk/Saved/InventoryType_Auto22B5504FA4248FCB2B55CC4A57DB6CB2D.tmp' to 'M:/GitHub/MM/MurderousMusk/Saved/Autosaves/Game/TopDownBP/Blueprints/InventoryType_Auto2.uasset'
[2017.10.06-19.56.00:852][941]LogSavePackage: Display: Finished SavePackage M:/GitHub/MM/MurderousMusk/Saved/Autosaves/Game/TopDownBP/Blueprints/InventoryType_Auto2.uasset
[2017.10.06-19.56.00:852][941]LogFileHelpers: Auto-saving content packages took 0.049
[2017.10.06-19.58.32:423][122]Cmd: OBJ SAVEPACKAGE PACKAGE="/Game/TopDownBP/Blueprints/InventoryType" FILE="M:/GitHub/MM/MurderousMusk/Content/TopDownBP/Blueprints/InventoryType.uasset" SILENT=true
[2017.10.06-19.58.32:451][122]LogSavePackage: Save=12.22ms
[2017.10.06-19.58.32:451][122]LogSavePackage: Moving 'M:/GitHub/MM/MurderousMusk/Saved/InventoryType65FA968D4444BAB0363832ACE9EF0E14.tmp' to 'M:/GitHub/MM/MurderousMusk/Content/TopDownBP/Blueprints/InventoryType.uasset'
[2017.10.06-19.58.32:473][122]LogSavePackage: Display: Finished SavePackage M:/GitHub/MM/MurderousMusk/Content/TopDownBP/Blueprints/InventoryType.uasset
[2017.10.06-19.59.01:551][399]LogRenderer: Reallocating scene render targets to support 1008x744 Format 10 NumSamples 1 (Frame:2159).
[2017.10.06-19.59.01:626][400]LogRenderer: Reallocating scene render targets to support 1024x744 Format 10 NumSamples 1 (Frame:2161).
[2017.10.06-19.59.01:698][401]LogRenderer: Reallocating scene render targets to support 1092x744 Format 10 NumSamples 1 (Frame:2163).
[2017.10.06-19.59.02:030][402]LogRenderer: Reallocating scene render targets to support 1140x744 Format 10 NumSamples 1 (Frame:2165).
[2017.10.06-19.59.02:230][403]LogRenderer: Reallocating scene render targets to support 1244x744 Format 10 NumSamples 1 (Frame:2166).
[2017.10.06-19.59.08:286][695]LogContentBrowser: Verbose: The majority of assets in the view are of type: Blueprint
[2017.10.06-19.59.15:062][902]LogContentBrowser: Verbose: The majority of assets in the view are of type: None
[2017.10.06-19.59.17:692][983]LogContentBrowser: Verbose: The majority of assets in the view are of type: Blueprint
[2017.10.06-19.59.30:090][763]LogSlate: Took 0.020837 seconds to synchronously load lazily loaded font '../../../Engine/Content/Editor/Slate/Fonts/Roboto-BoldCondensedItalic.ttf' (160K)
[2017.10.06-20.00.57:887][101]Cmd: OBJ SAVEPACKAGE PACKAGE="/Game/TopDownBP/Blueprints/InventoryType" FILE="M:/GitHub/MM/MurderousMusk/Content/TopDownBP/Blueprints/InventoryType.uasset" SILENT=true
[2017.10.06-20.00.57:936][101]LogSavePackage: Save=12.53ms
[2017.10.06-20.00.57:936][101]LogSavePackage: Moving 'M:/GitHub/MM/MurderousMusk/Saved/InventoryType38616B7B4B08D9AA71DC1FB2679DFA6A.tmp' to 'M:/GitHub/MM/MurderousMusk/Content/TopDownBP/Blueprints/InventoryType.uasset'
[2017.10.06-20.00.57:961][101]LogSavePackage: Display: Finished SavePackage M:/GitHub/MM/MurderousMusk/Content/TopDownBP/Blueprints/InventoryType.uasset
[2017.10.06-20.05.08:236][ 24]Cmd: OBJ SAVEPACKAGE PACKAGE="/Game/TopDownBP/Blueprints/Inventory" FILE="M:/GitHub/MM/MurderousMusk/Content/TopDownBP/Blueprints/Inventory.uasset" SILENT=true
[2017.10.06-20.05.08:323][ 24]LogSavePackage: Save=74.95ms
[2017.10.06-20.05.08:323][ 24]LogSavePackage: Moving 'M:/GitHub/MM/MurderousMusk/Saved/InventoryE7F3A16A4068769D5643FCBA67FA05A6.tmp' to 'M:/GitHub/MM/MurderousMusk/Content/TopDownBP/Blueprints/Inventory.uasset'
[2017.10.06-20.05.08:348][ 24]LogSavePackage: Display: Finished SavePackage M:/GitHub/MM/MurderousMusk/Content/TopDownBP/Blueprints/Inventory.uasset
[2017.10.06-20.05.30:087][621]Cmd: OBJ SAVEPACKAGE PACKAGE="/Game/TopDownBP/Blueprints/Inventory" FILE="M:/GitHub/MM/MurderousMusk/Content/TopDownBP/Blueprints/Inventory.uasset" SILENT=true
[2017.10.06-20.05.30:194][621]LogSavePackage: Save=74.11ms
[2017.10.06-20.05.30:194][621]LogSavePackage: Moving 'M:/GitHub/MM/MurderousMusk/Saved/Inventory58F2628E4962028538A2C481C6E2593A.tmp' to 'M:/GitHub/MM/MurderousMusk/Content/TopDownBP/Blueprints/Inventory.uasset'
[2017.10.06-20.05.30:227][621]LogSavePackage: Display: Finished SavePackage M:/GitHub/MM/MurderousMusk/Content/TopDownBP/Blueprints/Inventory.uasset
[2017.10.06-20.05.30:653][669]Cmd: OBJ SAVEPACKAGE PACKAGE="/Game/TopDownBP/Blueprints/Inventory" FILE="M:/GitHub/MM/MurderousMusk/Content/TopDownBP/Blueprints/Inventory.uasset" SILENT=true
[2017.10.06-20.05.30:746][669]LogSavePackage: Save=74.07ms
[2017.10.06-20.05.30:746][669]LogSavePackage: Moving 'M:/GitHub/MM/MurderousMusk/Saved/InventoryA881E0044B1A36DBB1D9F48AC008133E.tmp' to 'M:/GitHub/MM/MurderousMusk/Content/TopDownBP/Blueprints/Inventory.uasset'
[2017.10.06-20.05.30:763][669]LogSavePackage: Display: Finished SavePackage M:/GitHub/MM/MurderousMusk/Content/TopDownBP/Blueprints/Inventory.uasset
[2017.10.06-20.08.52:982][945]LogDirectoryWatcher: A directory notification failed for 'M:/GitHub/MM/MurderousMusk/Content/' because it was empty or there was a buffer overflow. Attemping another request...
[2017.10.06-20.08.52:985][946]LogDirectoryWatcher: A directory notification failed for 'M:/GitHub/MM/MurderousMusk/Content/' because it was empty or there was a buffer overflow. Attemping another request...
[2017.10.06-20.08.52:986][946]LogDirectoryWatcher: A directory notification failed for 'M:/GitHub/MM/MurderousMusk/Content/', and we were unable to create a new request.
[2017.10.06-20.10.14:236][632]Cmd: OBJ SAVEPACKAGE PACKAGE="/Game/TopDownBP/Blueprints/Inventory" FILE="M:/GitHub/MM/MurderousMusk/Content/TopDownBP/Blueprints/Inventory.uasset" SILENT=true
[2017.10.06-20.10.14:342][632]LogSavePackage: Save=78.36ms
[2017.10.06-20.10.14:342][632]LogSavePackage: Moving 'M:/GitHub/MM/MurderousMusk/Saved/Inventory3E333B114B81DE4FE076458CD5D097E3.tmp' to 'M:/GitHub/MM/MurderousMusk/Content/TopDownBP/Blueprints/Inventory.uasset'
[2017.10.06-20.10.14:368][632]LogSavePackage: Display: Finished SavePackage M:/GitHub/MM/MurderousMusk/Content/TopDownBP/Blueprints/Inventory.uasset
[2017.10.06-20.10.17:736][885]Cmd: OBJ SAVEPACKAGE PACKAGE="/Game/TopDownBP/Maps/TopDownExampleMap" FILE="M:/GitHub/MM/MurderousMusk/Content/TopDownBP/Maps/TopDownExampleMap.umap" SILENT=true AUTOSAVING=false KEEPDIRTY=false
[2017.10.06-20.10.20:850][885]LogSlate: Took 0.000509 seconds to synchronously load lazily loaded font '../../../Engine/Content/Slate/Fonts/Roboto-Regular.ttf' (155K)
[2017.10.06-20.10.20:862][885]LogSavePackage: Save=1620.10ms
[2017.10.06-20.10.20:863][885]LogSavePackage: Moving 'M:/GitHub/MM/MurderousMusk/Saved/TopDownExampleMap2215AF3F42AD6CC29DC3AA8A5F1C1DB2.tmp' to 'M:/GitHub/MM/MurderousMusk/Content/TopDownBP/Maps/TopDownExampleMap.umap'
[2017.10.06-20.10.20:880][885]LogSavePackage: Display: Finished SavePackage M:/GitHub/MM/MurderousMusk/Content/TopDownBP/Maps/TopDownExampleMap.umap
[2017.10.06-20.37.09:848][927]Cmd: OBJ SAVEPACKAGE PACKAGE="/Game/TopDownBP/Blueprints/Inventory" FILE="M:/GitHub/MM/MurderousMusk/Content/TopDownBP/Blueprints/Inventory.uasset" SILENT=true
[2017.10.06-20.37.09:958][927]LogSavePackage: Save=79.02ms
[2017.10.06-20.37.09:958][927]LogSavePackage: Moving 'M:/GitHub/MM/MurderousMusk/Saved/InventoryEA058BF3440FF1047A4E3B818F004C8E.tmp' to 'M:/GitHub/MM/MurderousMusk/Content/TopDownBP/Blueprints/Inventory.uasset'
[2017.10.06-20.37.09:981][927]LogSavePackage: Display: Finished SavePackage M:/GitHub/MM/MurderousMusk/Content/TopDownBP/Blueprints/Inventory.uasset
[2017.10.06-20.37.11:031][ 50]Cmd: OBJ SAVEPACKAGE PACKAGE="/Game/TopDownBP/Blueprints/InventoryType" FILE="M:/GitHub/MM/MurderousMusk/Content/TopDownBP/Blueprints/InventoryType.uasset" SILENT=true
[2017.10.06-20.37.11:068][ 50]LogSavePackage: Save=10.55ms
[2017.10.06-20.37.11:068][ 50]LogSavePackage: Moving 'M:/GitHub/MM/MurderousMusk/Saved/InventoryTypeCF6F091F4E8DD20DDCE053B3662E07B3.tmp' to 'M:/GitHub/MM/MurderousMusk/Content/TopDownBP/Blueprints/InventoryType.uasset'
[2017.10.06-20.37.11:086][ 50]LogSavePackage: Display: Finished SavePackage M:/GitHub/MM/MurderousMusk/Content/TopDownBP/Blueprints/InventoryType.uasset
[2017.10.06-20.37.12:450][135]Cmd: OBJ SAVEPACKAGE PACKAGE="/Game/TopDownBP/Maps/TopDownExampleMap" FILE="M:/GitHub/MM/MurderousMusk/Content/TopDownBP/Maps/TopDownExampleMap.umap" SILENT=true AUTOSAVING=false KEEPDIRTY=false
[2017.10.06-20.37.16:223][135]LogSavePackage: Save=2256.75ms
[2017.10.06-20.37.16:223][135]LogSavePackage: Moving 'M:/GitHub/MM/MurderousMusk/Saved/TopDownExampleMap0F99FF1445ACCAEC36B2F0A600023F97.tmp' to 'M:/GitHub/MM/MurderousMusk/Content/TopDownBP/Maps/TopDownExampleMap.umap'
[2017.10.06-20.37.16:245][135]LogSavePackage: Display: Finished SavePackage M:/GitHub/MM/MurderousMusk/Content/TopDownBP/Maps/TopDownExampleMap.umap
