Log file open, 10/11/17 16:35:12
LogWindows: Failed to load 'aqProf.dll' (GetLastError=126)
LogWindows: File 'aqProf.dll' does not exist
LogWindows: Failed to load 'VtuneApi.dll' (GetLastError=126)
LogWindows: File 'VtuneApi.dll' does not exist
LogWindows: Failed to load 'VtuneApi32e.dll' (GetLastError=126)
LogWindows: File 'VtuneApi32e.dll' does not exist
LogInit: Display: Running engine for game: MurderousMusk
LogPlatformFile: Not using cached read wrapper
LogInit: Display: RandInit(-2006281693) SRandInit(-2006281693).
LogTaskGraph: Started task graph with 5 named threads and 14 total threads with 3 sets of task threads.
LogStats: Stats thread started at 0.210622
LogD3D11RHI: Aftermath initialized
LogPluginManager: Mounting plugin Paper2D
LogPluginManager: Mounting plugin LightPropagationVolume
LogPluginManager: Mounting plugin CodeLiteSourceCodeAccess
LogPluginManager: Mounting plugin GitSourceControl
LogPluginManager: Mounting plugin KDevelopSourceCodeAccess
LogPluginManager: Mounting plugin NullSourceCodeAccess
LogPluginManager: Mounting plugin PerforceSourceControl
LogPluginManager: Mounting plugin SubversionSourceControl
LogPluginManager: Mounting plugin UObjectPlugin
LogPluginManager: Mounting plugin VisualStudioSourceCodeAccess
LogPluginManager: Mounting plugin XCodeSourceCodeAccess
LogPluginManager: Mounting plugin AssetManagerEditor
LogPluginManager: Mounting plugin AudioCapture
LogPluginManager: Mounting plugin FacialAnimation
LogPluginManager: Mounting plugin GameplayTagsEditor
LogPluginManager: Mounting plugin MobileLauncherProfileWizard
LogPluginManager: Mounting plugin PluginBrowser
LogPluginManager: Mounting plugin SpeedTreeImporter
LogPluginManager: Mounting plugin AlembicImporter
LogPluginManager: Mounting plugin CharacterAI
LogPluginManager: Mounting plugin HTML5Networking
LogPluginManager: Mounting plugin AndroidMedia
LogPluginManager: Mounting plugin AvfMedia
LogPluginManager: Mounting plugin MediaPlayerEditor
LogPluginManager: Mounting plugin WmfMedia
LogPluginManager: Mounting plugin TcpMessaging
LogPluginManager: Mounting plugin UdpMessaging
LogPluginManager: Mounting plugin LevelSequenceEditor
LogPluginManager: Mounting plugin MatineeToLevelSequence
LogPluginManager: Mounting plugin OnlineSubsystemGooglePlay
LogPluginManager: Mounting plugin OnlineSubsystemIOS
LogPluginManager: Mounting plugin OnlineSubsystem
LogPluginManager: Mounting plugin OnlineSubsystemNull
LogPluginManager: Mounting plugin OnlineSubsystemUtils
LogPluginManager: Mounting plugin AndroidDeviceProfileSelector
LogPluginManager: Mounting plugin AndroidMoviePlayer
LogPluginManager: Mounting plugin AndroidPermission
LogPluginManager: Mounting plugin AppleMoviePlayer
LogPluginManager: Mounting plugin ArchVisCharacter
LogPluginManager: Mounting plugin CableComponent
LogPluginManager: Mounting plugin CustomMeshComponent
LogPluginManager: Mounting plugin ExampleDeviceProfileSelector
LogPluginManager: Mounting plugin GoogleCloudMessaging
LogPluginManager: Mounting plugin ImmediatePhysics
LogPluginManager: Mounting plugin IOSDeviceProfileSelector
LogPluginManager: Mounting plugin LinuxDeviceProfileSelector
LogPluginManager: Mounting plugin LocationServicesBPLibrary
LogPluginManager: Mounting plugin MobilePatchingUtils
LogPluginManager: Mounting plugin OculusVR
LogPluginManager: Mounting plugin PhysXVehicles
LogPluginManager: Mounting plugin ProceduralMeshComponent
LogPluginManager: Mounting plugin RuntimePhysXCooking
LogPluginManager: Mounting plugin SteamVR
LogPluginManager: Mounting plugin WindowsMoviePlayer
LogInit: Using libcurl 7.47.1
LogInit:  - built for x86_64-pc-win32
LogInit:  - supports SSL with OpenSSL/1.0.2g
LogInit:  - supports HTTP deflate (compression) using libz 1.2.8
LogInit:  - other features:
LogInit:      CURL_VERSION_SSL
LogInit:      CURL_VERSION_LIBZ
LogInit:      CURL_VERSION_IPV6
LogInit:      CURL_VERSION_ASYNCHDNS
LogInit:      CURL_VERSION_LARGEFILE
LogInit:      CURL_VERSION_IDN
LogInit:  CurlRequestOptions (configurable via config and command line):
LogInit:  - bVerifyPeer = false  - Libcurl will NOT verify peer certificate
LogInit:  - bUseHttpProxy = false  - Libcurl will NOT use HTTP proxy
LogInit:  - bDontReuseConnections = false  - Libcurl will reuse connections
LogInit:  - CertBundlePath = nullptr  - Libcurl will use whatever was configured at build time.
LogInit: Build: ++UE4+Release-4.17-CL-3658906
LogInit: Engine Version: 4.17.2-3658906+++UE4+Release-4.17
LogInit: Compatible Engine Version: 4.17.0-3573198+++UE4+Release-4.17
LogInit: Net CL: 3573198
LogDevObjectVersion: Number of dev versions registered: 16
LogDevObjectVersion:   Dev-Blueprints (B0D832E4-1F89-4F0D-ACCF-7EB736FD4AA2): 10
LogDevObjectVersion:   Dev-Build (E1C64328-A22C-4D53-A36C-8E866417BD8C): 0
LogDevObjectVersion:   Dev-Core (375EC13C-06E4-48FB-B500-84F0262A717E): 2
LogDevObjectVersion:   Dev-Editor (E4B068ED-F494-42E9-A231-DA0B2E46BB41): 20
LogDevObjectVersion:   Dev-Framework (CFFC743F-43B0-4480-9391-14DF171D2073): 28
LogDevObjectVersion:   Dev-Mobile (B02B49B5-BB20-44E9-A304-32B752E40360): 0
LogDevObjectVersion:   Dev-Networking (A4E4105C-59A1-49B5-A7C5-40C4547EDFEE): 0
LogDevObjectVersion:   Dev-Online (39C831C9-5AE6-47DC-9A44-9C173E1C8E7C): 0
LogDevObjectVersion:   Dev-Physics (78F01B33-EBEA-4F98-B9B4-84EACCB95AA2): 0
LogDevObjectVersion:   Dev-Platform (6631380F-2D4D-43E0-8009-CF276956A95A): 0
LogDevObjectVersion:   Dev-Rendering (12F88B9F-8875-4AFC-A67C-D90C383ABD29): 19
LogDevObjectVersion:   Dev-Sequencer (7B5AE74C-D270-4C10-A958-57980B212A5A): 4
LogDevObjectVersion:   Dev-VR (D7296918-1DD6-4BDD-9DE2-64A83CC13884): 0
LogDevObjectVersion:   Dev-LoadTimes (C2A15278-BFE7-4AFE-6C17-90FF531DF755): 1
LogDevObjectVersion:   Private-Geometry (6EACA3D4-40EC-4CC1-B786-8BED09428FC5): 1
LogDevObjectVersion:   Dev-AnimPhys (29E575DD-E0A3-4627-9D10-D276232CDCEA): 7
LogInit: Compiled (64-bit): Sep 22 2017 13:47:16
LogInit: Compiled with Visual C++: 19.00.24215.01
LogInit: Build Configuration: Development
LogInit: Branch Name: ++UE4+Release-4.17
LogInit: Command line: -EpicPortal 
LogInit: Base directory: D:/Unreal/UE_4.17/Engine/Binaries/Win64/
LogInit: Installed Engine Build: 1
LogInit: Presizing for max 8388607 objects, including 0 objects not considered by GC, pre-allocating 0 bytes for permanent pool.
LogInit: Object subsystem initialized
[2017.10.11-15.35.12:799][  0]LogInit: Selected Device Profile: [Windows]
[2017.10.11-15.35.12:799][  0]LogInit: Applying CVar settings loaded from the selected device profile: [Windows]
[2017.10.11-15.35.12:813][  0]LogInit: Computer: LOLA
[2017.10.11-15.35.12:813][  0]LogInit: User: stuart
[2017.10.11-15.35.12:813][  0]LogInit: CPU Page size=4096, Cores=4
[2017.10.11-15.35.12:813][  0]LogInit: High frequency timer resolution =3.417965 MHz
[2017.10.11-15.35.12:813][  0]LogMemory: Memory total: Physical=12.0GB (12GB approx)
[2017.10.11-15.35.12:813][  0]LogMemory: Platform Memory Stats for Windows
[2017.10.11-15.35.12:813][  0]LogMemory: Process Physical Memory: 279.18 MB used, 279.18 MB peak
[2017.10.11-15.35.12:813][  0]LogMemory: Process Virtual Memory: 285.99 MB used, 285.99 MB peak
[2017.10.11-15.35.12:813][  0]LogMemory: Physical Memory: 6299.99 MB used,  5937.32 MB free, 12237.31 MB total
[2017.10.11-15.35.12:813][  0]LogMemory: Virtual Memory: 684.98 MB used,  5937.32 MB free, 134217728.00 MB total
[2017.10.11-15.35.13:082][  0]LogInit: Using OS detected language (en-GB).
[2017.10.11-15.35.13:082][  0]LogInit: Using OS detected locale (en-GB).
[2017.10.11-15.35.13:086][  0]LogTextLocalizationManager: No specific localization for 'en-GB' exists, so the 'en' localization will be used.
[2017.10.11-15.35.13:737][  0]LogD3D11RHI: D3D11 adapters:
[2017.10.11-15.35.13:788][  0]LogD3D11RHI:    0. 'NVIDIA GeForce GTX 970' (Feature Level 11_0)
[2017.10.11-15.35.13:788][  0]LogD3D11RHI:       4058/0/6118 MB DedicatedVideo/DedicatedSystem/SharedSystem, Outputs:1, VendorId:0x10de
[2017.10.11-15.35.13:790][  0]LogD3D11RHI:    1. 'Microsoft Basic Render Driver' (Feature Level 11_0)
[2017.10.11-15.35.13:790][  0]LogD3D11RHI:       0/0/6118 MB DedicatedVideo/DedicatedSystem/SharedSystem, Outputs:0, VendorId:0x1414
[2017.10.11-15.35.13:790][  0]LogD3D11RHI: Chosen D3D11 Adapter: 0
[2017.10.11-15.35.13:794][  0]LogD3D11RHI: Creating new Direct3DDevice
[2017.10.11-15.35.13:794][  0]LogD3D11RHI:     GPU DeviceId: 0x13c2 (for the marketing name, search the web for "GPU Device Id")
[2017.10.11-15.35.13:794][  0]LogWindows: EnumDisplayDevices:
[2017.10.11-15.35.13:794][  0]LogWindows:    0. 'NVIDIA GeForce GTX 970' (P:1 D:1)
[2017.10.11-15.35.13:794][  0]LogWindows:    1. 'NVIDIA GeForce GTX 970' (P:0 D:0)
[2017.10.11-15.35.13:794][  0]LogWindows:    2. 'NVIDIA GeForce GTX 970' (P:0 D:0)
[2017.10.11-15.35.13:794][  0]LogWindows:    3. 'NVIDIA GeForce GTX 970' (P:0 D:0)
[2017.10.11-15.35.13:794][  0]LogWindows: DebugString: FoundDriverCount:4 
[2017.10.11-15.35.13:795][  0]LogD3D11RHI:     Adapter Name: NVIDIA GeForce GTX 970
[2017.10.11-15.35.13:795][  0]LogD3D11RHI:   Driver Version: 387.68 (internal:23.21.13.8768, unified:387.68)
[2017.10.11-15.35.13:795][  0]LogD3D11RHI:      Driver Date: 9-3-2017
[2017.10.11-15.35.13:795][  0]LogRHI: Texture pool is 1361 MB (70% of 1945 MB)
[2017.10.11-15.35.13:824][  0]LogD3D11RHI: Async texture creation enabled
[2017.10.11-15.35.13:834][  0]LogD3D11RHI: GPU Timing Frequency: 1000.000000 (Debug: 2 1)
[2017.10.11-15.35.13:882][  0]LogShaderCompilers: Guid format shader working directory is 6 characters bigger than the processId version (../../../../../UE4Projects/MurderousMusk/Intermediate/Shaders/WorkingDirectory/12624/).
[2017.10.11-15.35.13:882][  0]LogShaderCompilers: Cleaned the shader compiler working directory 'C:/Users/stuart/AppData/Local/Temp/UnrealShaderWorkingDir/D07C47D3435AB37544D28094FF4299A4/'.
[2017.10.11-15.35.13:882][  0]LogShaderCompilers: Display: Using Local Shader Compiler.
[2017.10.11-15.35.14:990][  0]LogTemp: Display: Loaded TP AllDesktopTargetPlatform
[2017.10.11-15.35.15:030][  0]LogTemp: Display: Loaded TP MacClientTargetPlatform
[2017.10.11-15.35.15:068][  0]LogTemp: Display: Loaded TP MacNoEditorTargetPlatform
[2017.10.11-15.35.15:107][  0]LogTemp: Display: Loaded TP MacServerTargetPlatform
[2017.10.11-15.35.15:144][  0]LogTemp: Display: Loaded TP MacTargetPlatform
[2017.10.11-15.35.15:185][  0]LogTemp: Display: Loaded TP WindowsClientTargetPlatform
[2017.10.11-15.35.15:226][  0]LogTemp: Display: Loaded TP WindowsNoEditorTargetPlatform
[2017.10.11-15.35.15:266][  0]LogTemp: Display: Loaded TP WindowsServerTargetPlatform
[2017.10.11-15.35.15:299][  0]LogTemp: Display: Loaded TP WindowsTargetPlatform
[2017.10.11-15.35.15:338][  0]LogTemp: Display: Loaded TP AndroidTargetPlatform
[2017.10.11-15.35.15:376][  0]LogTemp: Display: Loaded TP Android_ASTCTargetPlatform
[2017.10.11-15.35.15:418][  0]LogTemp: Display: Loaded TP Android_ATCTargetPlatform
[2017.10.11-15.35.15:455][  0]LogTemp: Display: Loaded TP Android_DXTTargetPlatform
[2017.10.11-15.35.15:521][  0]LogTemp: Display: Loaded TP Android_ETC1TargetPlatform
[2017.10.11-15.35.15:558][  0]LogTemp: Display: Loaded TP Android_ETC2TargetPlatform
[2017.10.11-15.35.15:632][  0]LogTemp: Display: Loaded TP Android_MultiTargetPlatform
[2017.10.11-15.35.15:632][  0]LogTemp: Display: Loaded TP Android_PVRTCTargetPlatform
[2017.10.11-15.35.15:660][  0]LogTemp: Display: Loaded TP HTML5TargetPlatform
[2017.10.11-15.35.15:766][  0]LogTemp: Display: Loaded TP IOSTargetPlatform
[2017.10.11-15.35.15:786][  0]LogTemp: Display: Loaded TP TVOSTargetPlatform
[2017.10.11-15.35.15:823][  0]LogTemp: Display: Loaded TP LinuxClientTargetPlatform
[2017.10.11-15.35.15:859][  0]LogTemp: Display: Loaded TP LinuxNoEditorTargetPlatform
[2017.10.11-15.35.15:896][  0]LogTemp: Display: Loaded TP LinuxServerTargetPlatform
[2017.10.11-15.35.15:971][  0]LogTemp: Display: Loaded TP LinuxTargetPlatform
[2017.10.11-15.35.15:971][  0]LogTargetPlatformManager: Display: Building Assets For Windows
[2017.10.11-15.35.16:373][  0]LogDerivedDataCache: Display: Max Cache Size: 512 MB
[2017.10.11-15.35.16:486][  0]LogDerivedDataCache: Loaded boot cache 0.11s 93MB C:/Users/stuart/AppData/Local/UnrealEngine/4.17/DerivedDataCache/Boot.ddc.
[2017.10.11-15.35.16:487][  0]LogDerivedDataCache: Display: Loaded Boot cache: C:/Users/stuart/AppData/Local/UnrealEngine/4.17/DerivedDataCache/Boot.ddc
[2017.10.11-15.35.16:487][  0]LogDerivedDataCache: FDerivedDataBackendGraph:  Pak pak cache file ../../../../../UE4Projects/MurderousMusk/DerivedDataCache/DDC.ddp not found, will not use a pak cache.
[2017.10.11-15.35.16:487][  0]LogDerivedDataCache: Unable to find inner node Pak for hierarchical cache Hierarchy.
[2017.10.11-15.35.16:487][  0]LogDerivedDataCache: FDerivedDataBackendGraph:  CompressedPak pak cache file ../../../../../UE4Projects/MurderousMusk/DerivedDataCache/Compressed.ddp not found, will not use a pak cache.
[2017.10.11-15.35.16:487][  0]LogDerivedDataCache: Unable to find inner node CompressedPak for hierarchical cache Hierarchy.
[2017.10.11-15.35.16:503][  0]LogDerivedDataCache: Display: Pak cache opened for reading ../../../Engine/DerivedDataCache/Compressed.ddp.
[2017.10.11-15.35.16:545][  0]LogDerivedDataCache: Using Local data cache path C:/Users/stuart/AppData/Local/UnrealEngine/Common/DerivedDataCache: Writable
[2017.10.11-15.35.16:555][  0]LogMaterial: Verifying Global Shaders for PCD3D_SM5
[2017.10.11-15.35.16:555][  0]LogSlate: Using Freetype 2.6.0
[2017.10.11-15.35.16:556][  0]LogSlate: SlateFontCache - WITH_FREETYPE: 1, WITH_HARFBUZZ: 1
[2017.10.11-15.35.16:556][  0]LogSlate: SlateFontCache - WITH_FREETYPE: 1, WITH_HARFBUZZ: 1
[2017.10.11-15.35.16:867][  0]LogAssetRegistry: FAssetRegistry took 0.0249 seconds to start up
[2017.10.11-15.35.16:961][  0]LogInit: Selected Device Profile: [Windows]
[2017.10.11-15.35.17:082][  0]LogContentStreaming: Texture pool size is 0.00 MB
[2017.10.11-15.35.17:296][  0]LogSimplygon: Simplygon DLL not present - disabling.
[2017.10.11-15.35.17:322][  0]LogMeshReduction: Using SimplygonSwarm for distributed automatic mesh merging
[2017.10.11-15.35.17:323][  0]LogMeshReduction: Using QuadricMeshReduction for automatic static mesh reduction
[2017.10.11-15.35.17:323][  0]LogMeshReduction: No automatic skeletal mesh reduction module available
[2017.10.11-15.35.17:323][  0]LogMeshReduction: No automatic mesh merging module available
[2017.10.11-15.35.17:323][  0]LogMeshMerging: No automatic mesh merging module available
[2017.10.11-15.35.17:630][  0]LogNetVersion: MurderousMusk , NetCL: 3573198, EngineNetVer: 2, GameNetVer: 0 (Checksum: 1135293484)
[2017.10.11-15.35.17:824][  0]LogPackageLocalizationCache: Processed 5 localized package path(s) for 2 prioritized culture(s) in 0.065886 seconds
[2017.10.11-15.35.17:830][  0]LogUObjectArray: 35825 objects as part of root set at end of initial load.
[2017.10.11-15.35.17:830][  0]LogUObjectAllocator: 7529104 out of 0 bytes used by permanent object pool.
[2017.10.11-15.35.17:830][  0]LogUObjectArray: CloseDisregardForGC: 0/0 objects in disregard for GC pool
[2017.10.11-15.35.17:904][  0]LogInit: WinSock: version 1.1 (2.2), MaxSocks=32767, MaxUdp=65467
[2017.10.11-15.35.20:186][  0]LogTcpMessaging: Initializing TcpMessaging bridge
[2017.10.11-15.35.20:218][  0]LogUdpMessaging: Initializing bridge on interface 0.0.0.0:0 to multicast group 230.0.0.1:6666.
[2017.10.11-15.35.20:755][  0]LogMaterial: Uniform references updated for custom material expression Custom.
[2017.10.11-15.35.21:150][  0]SourceControl: Source control is disabled
[2017.10.11-15.35.21:150][  0]SourceControl: Source control is disabled
[2017.10.11-15.35.21:189][  0]SourceControl: Source control is disabled
[2017.10.11-15.35.21:226][  0]SourceControl: Source control is disabled
[2017.10.11-15.35.21:675][  0]LogAndroidPermission: UAndroidPermissionCallbackProxy::GetInstance
[2017.10.11-15.35.21:877][  0]LogOcInput: OculusInput pre-init called
[2017.10.11-15.35.22:119][  0]LogEngine: Initializing Engine...
[2017.10.11-15.35.22:121][  0]LogHMD: Failed to initialize OpenVR with code 110
[2017.10.11-15.35.22:312][  0]LogStats: UGameplayTagsManager::ConstructGameplayTagTree: Construct from data asset -  0.000 s
[2017.10.11-15.35.22:312][  0]LogStats: UGameplayTagsManager::ConstructGameplayTagTree: GameplayTagTreeChangedEvent.Broadcast -  0.000 s
[2017.10.11-15.35.22:405][  0]LogAIModule: Creating AISystem for world Untitled
[2017.10.11-15.35.22:437][  0]LogInit: XAudio2 using 'Speakers (Realtek High Definition Audio)' : 2 channels at 48 kHz using 32 bits per sample (channel mask 0x3)
[2017.10.11-15.35.22:469][  0]LogInit: FAudioDevice initialized.
[2017.10.11-15.35.22:583][  0]LogDerivedDataCache: Saved boot cache 0.11s 93MB C:/Users/stuart/AppData/Local/UnrealEngine/4.17/DerivedDataCache/Boot.ddc.
[2017.10.11-15.35.22:595][  0]LogInit: Texture streaming: Enabled
[2017.10.11-15.35.22:666][  0]LogEngineSessionManager: EngineSessionManager initialized
[2017.10.11-15.35.22:890][  0]LogInit: Transaction tracking system initialized
[2017.10.11-15.35.23:118][  0]BlueprintLog: New page: Editor Load
[2017.10.11-15.35.23:859][  0]LocalizationService: Localization service is disabled
[2017.10.11-15.35.24:352][  0]LogConsoleResponse: Display: 
[2017.10.11-15.35.24:531][  0]LogCook: Display: Max memory allowance for cook 16384mb min free memory 0mb
[2017.10.11-15.35.24:531][  0]LogCook: Display: Mobile HDR setting 1
[2017.10.11-15.35.24:531][  0]LogGameplayTags: Display: UGameplayTagsManager::DoneAddingNativeTags. DelegateIsBound: 0
[2017.10.11-15.35.25:473][  0]LogFileCache: Scanning file cache for directory 'D:/UE4Projects/MurderousMusk/Content/' took 0.02s
[2017.10.11-15.35.25:506][  0]SourceControl: Source control is disabled
[2017.10.11-15.35.25:506][  0]Cmd: MAP LOAD FILE="../../../../../UE4Projects/MurderousMusk/Content/TopDownBP/Maps/TopDownExampleMap.umap" TEMPLATE=0 SHOWPROGRESS=1 FEATURELEVEL=3
[2017.10.11-15.35.25:511][  0]LightingResults: New page: Lighting Build
[2017.10.11-15.35.25:539][  0]MapCheck: New page: Map Check
[2017.10.11-15.35.25:540][  0]LightingResults: New page: Lighting Build
[2017.10.11-15.35.25:925][  0]LogBlueprint: Error: [Compiler TopDownGameMode] Failed to resolve term  Value  passed into  Target
[2017.10.11-15.35.25:926][  0]LogBlueprint: Warning: [Compiler TopDownGameMode] [0015.20] Compile of TopDownGameMode failed. 1 Fatal Issue(s) 0 Warning(s) [in 17 ms] (/Game/TopDownBP/Blueprints/TopDownGameMode.TopDownGameMode)
[2017.10.11-15.35.26:137][  0]LogAIModule: Creating AISystem for world TopDownExampleMap
[2017.10.11-15.35.26:145][  0]LogEditorServer: Finished looking for orphan Actors (0.000 secs)
[2017.10.11-15.35.26:167][  0]Cmd: MAP CHECKDEP NOCLEARLOG
[2017.10.11-15.35.26:224][  0]MapCheck: Map check complete: 0 Error(s), 0 Warning(s), took 57.599ms to complete.
[2017.10.11-15.35.26:224][  0]LogFileHelpers: Loading map 'TopDownExampleMap' took 0.718
[2017.10.11-15.35.26:355][  0]LogCollectionManager: Loaded 0 collections in 0.000870 seconds
[2017.10.11-15.35.26:420][  0]LogFileCache: Scanning file cache for directory 'D:/UE4Projects/MurderousMusk/Saved/Collections/' took 0.01s
[2017.10.11-15.35.26:420][  0]LogFileCache: Scanning file cache for directory 'D:/UE4Projects/MurderousMusk/Content/Developers/stuart/Collections/' took 0.01s
[2017.10.11-15.35.26:420][  0]LogFileCache: Scanning file cache for directory 'D:/UE4Projects/MurderousMusk/Content/Collections/' took 0.01s
[2017.10.11-15.35.26:420][  0]LogCollectionManager: Rebuilt the GUID cache for 0 collections in 0.000000 seconds
[2017.10.11-15.35.26:433][  0]LogContentBrowser: Native class hierarchy populated in 0.0133 seconds. Added 2386 classes and 500 folders.
[2017.10.11-15.35.26:475][  0]LogContentBrowser: Native class hierarchy updated for 'WidgetCarousel' in 0.0007 seconds. Added 0 classes and 0 folders.
[2017.10.11-15.35.26:801][  0]LogContentBrowser: Native class hierarchy updated for 'AddContentDialog' in 0.0007 seconds. Added 0 classes and 0 folders.
[2017.10.11-15.35.26:857][  0]LogContentBrowser: Native class hierarchy updated for 'SceneOutliner' in 0.0008 seconds. Added 1 classes and 2 folders.
[2017.10.11-15.35.26:932][  0]LogSlate: Took 0.000501 seconds to synchronously load lazily loaded font '../../../Engine/Content/Slate/Fonts/Roboto-Regular.ttf' (155K)
[2017.10.11-15.35.26:936][  0]LogSlate: Took 0.000219 seconds to synchronously load lazily loaded font '../../../Engine/Content/Slate/Fonts/Roboto-Bold.ttf' (160K)
[2017.10.11-15.35.26:944][  0]LogSlate: Took 0.005380 seconds to synchronously load lazily loaded font '../../../Engine/Content/Editor/Slate/Fonts/FontAwesome.ttf' (139K)
[2017.10.11-15.35.27:053][  0]LogRenderer: Reallocating scene render targets to support 980x204 Format 10 NumSamples 1 (Frame:1).
[2017.10.11-15.35.28:008][  0]LogContentBrowser: Native class hierarchy updated for 'HierarchicalLODOutliner' in 0.0008 seconds. Added 1 classes and 2 folders.
[2017.10.11-15.35.28:008][  0]LogLoad: (Engine Initialization) Total time: 17.28 seconds
[2017.10.11-15.35.28:008][  0]LogLoad: (Engine Initialization) Total Blueprint compile time: 0.00 seconds
[2017.10.11-15.35.28:008][  0]LogExternalProfiler: Found external profiler: VSPerf
[2017.10.11-15.35.28:008][  0]LogExternalProfiler: Using external profiler: VSPerf
[2017.10.11-15.35.28:364][  0]LogAssetRegistry: Asset discovery search completed in 11.5183 seconds
[2017.10.11-15.35.28:365][  0]LogCollectionManager: Rebuilt the object cache for 0 collections in 0.000001 seconds (found 0 objects)
[2017.10.11-15.35.28:366][  0]LogCollectionManager: Fixed up redirectors for 0 collections in 0.000052 seconds (updated 0 objects)
[2017.10.11-15.35.28:369][  0]LogContentStreaming: Texture pool size now 1000 MB
[2017.10.11-15.35.28:421][  0]LogSlate: Took 0.004275 seconds to synchronously load lazily loaded font '../../../Engine/Content/Slate/Fonts/Roboto-Light.ttf' (159K)
[2017.10.11-15.35.28:728][  1]LogRenderer: Reallocating scene render targets to support 980x256 Format 10 NumSamples 1 (Frame:1).
[2017.10.11-15.36.04:454][844]LogSlate: Took 0.000216 seconds to synchronously load lazily loaded font '../../../Engine/Content/Slate/Fonts/Roboto-Light.ttf' (159K)
[2017.10.11-15.36.04:766][844]LogContentBrowser: Native class hierarchy updated for 'BlueprintGraph' in 0.0009 seconds. Added 113 classes and 0 folders.
[2017.10.11-15.36.05:316][844]LogSlate: Took 0.000199 seconds to synchronously load lazily loaded font '../../../Engine/Content/Slate/Fonts/Roboto-Regular.ttf' (155K)
[2017.10.11-15.36.05:409][844]LogSlate: Took 0.003598 seconds to synchronously load lazily loaded font '../../../Engine/Content/Editor/Slate/Fonts/Roboto-BoldCondensed.ttf' (158K)
[2017.10.11-15.36.55:864][775]LogTemp: Repeating last play command: New Editor Window (PIE)
[2017.10.11-15.36.55:908][775]LogBlueprintUserMessages: Early PlayInEditor Detection: Level '/Game/TopDownBP/Maps/TopDownExampleMap.TopDownExampleMap:PersistentLevel' has LevelScriptBlueprint '/Game/TopDownBP/Maps/TopDownExampleMap.TopDownExampleMap:PersistentLevel.TopDownExampleMap' with GeneratedClass '/Game/TopDownBP/Maps/TopDownExampleMap.TopDownExampleMap_C' with ClassGeneratedBy '/Game/TopDownBP/Maps/TopDownExampleMap.TopDownExampleMap:PersistentLevel.TopDownExampleMap'
[2017.10.11-15.36.55:909][775]BlueprintLog: New page: Pre-Play auto-recompile
[2017.10.11-15.36.55:918][775]LogPlayLevel: [PlayLevel] Compiling Inventory before play...
[2017.10.11-15.36.55:926][775]LogPlayLevel: [PlayLevel]   Compiling TopDownGameMode as a dependent...
[2017.10.11-15.36.55:931][775]LogBlueprint: Error: [Compiler TopDownGameMode] Failed to resolve term  Value  passed into  Target
[2017.10.11-15.36.55:933][775]LogBlueprint: Warning: [Compiler TopDownGameMode] [0105.21] Compile of TopDownGameMode failed. 1 Fatal Issue(s) 0 Warning(s) [in 23 ms] (/Game/TopDownBP/Blueprints/TopDownGameMode.TopDownGameMode)
[2017.10.11-15.36.56:018][775]LogPlayLevel: PlayLevel: Blueprint regeneration took 109 ms (2 blueprints)
[2017.10.11-15.36.56:018][775]BlueprintLog: Blueprint TopDownGameMode failed to compile
[2017.10.11-15.37.01:742][942]LogTemp: Repeating last play command: New Editor Window (PIE)
[2017.10.11-15.37.01:755][942]LogBlueprintUserMessages: Early PlayInEditor Detection: Level '/Game/TopDownBP/Maps/TopDownExampleMap.TopDownExampleMap:PersistentLevel' has LevelScriptBlueprint '/Game/TopDownBP/Maps/TopDownExampleMap.TopDownExampleMap:PersistentLevel.TopDownExampleMap' with GeneratedClass '/Game/TopDownBP/Maps/TopDownExampleMap.TopDownExampleMap_C' with ClassGeneratedBy '/Game/TopDownBP/Maps/TopDownExampleMap.TopDownExampleMap:PersistentLevel.TopDownExampleMap'
[2017.10.11-15.37.01:755][942]LogPlayLevel: PlayLevel: No blueprints needed recompiling
[2017.10.11-15.37.10:268][696]LogTemp: Repeating last play command: New Editor Window (PIE)
[2017.10.11-15.37.10:282][696]LogBlueprintUserMessages: Early PlayInEditor Detection: Level '/Game/TopDownBP/Maps/TopDownExampleMap.TopDownExampleMap:PersistentLevel' has LevelScriptBlueprint '/Game/TopDownBP/Maps/TopDownExampleMap.TopDownExampleMap:PersistentLevel.TopDownExampleMap' with GeneratedClass '/Game/TopDownBP/Maps/TopDownExampleMap.TopDownExampleMap_C' with ClassGeneratedBy '/Game/TopDownBP/Maps/TopDownExampleMap.TopDownExampleMap:PersistentLevel.TopDownExampleMap'
[2017.10.11-15.37.10:282][696]LogPlayLevel: PlayLevel: No blueprints needed recompiling
[2017.10.11-15.37.12:221][787]BlueprintLog: New page: Compile TopDownGameMode
[2017.10.11-15.37.12:237][787]LogBlueprint: Error: [Compiler TopDownGameMode] Failed to resolve term  Value  passed into  Target
[2017.10.11-15.37.12:319][787]LogBlueprint: Warning: [Compiler TopDownGameMode] [0121.59] Compile of TopDownGameMode failed. 1 Fatal Issue(s) 0 Warning(s) [in 97 ms] (/Game/TopDownBP/Blueprints/TopDownGameMode.TopDownGameMode)
[2017.10.11-15.37.38:791][895]BlueprintLog: New page: Compile TopDownGameMode
[2017.10.11-15.37.39:939][ 16]LogTemp: Repeating last play command: New Editor Window (PIE)
[2017.10.11-15.37.39:952][ 16]LogBlueprintUserMessages: Early PlayInEditor Detection: Level '/Game/TopDownBP/Maps/TopDownExampleMap.TopDownExampleMap:PersistentLevel' has LevelScriptBlueprint '/Game/TopDownBP/Maps/TopDownExampleMap.TopDownExampleMap:PersistentLevel.TopDownExampleMap' with GeneratedClass '/Game/TopDownBP/Maps/TopDownExampleMap.TopDownExampleMap_C' with ClassGeneratedBy '/Game/TopDownBP/Maps/TopDownExampleMap.TopDownExampleMap:PersistentLevel.TopDownExampleMap'
[2017.10.11-15.37.39:952][ 16]LogPlayLevel: PlayLevel: No blueprints needed recompiling
[2017.10.11-15.37.39:952][ 16]PIE: New page: PIE session: TopDownExampleMap (11 Oct 2017 17:37:39)
[2017.10.11-15.37.39:952][ 16]LogPlayLevel: Creating play world package: /Game/TopDownBP/Maps/UEDPIE_0_TopDownExampleMap
[2017.10.11-15.37.39:971][ 16]LogPlayLevel: PIE: StaticDuplicateObject took: (0.018400s)
[2017.10.11-15.37.39:971][ 16]LogAIModule: Creating AISystem for world TopDownExampleMap
[2017.10.11-15.37.39:972][ 16]LogPlayLevel: PIE: World Init took: (0.000903s)
[2017.10.11-15.37.39:972][ 16]LogPlayLevel: PIE: Created PIE world by copying editor world from /Game/TopDownBP/Maps/TopDownExampleMap.TopDownExampleMap to /Game/TopDownBP/Maps/UEDPIE_0_TopDownExampleMap.TopDownExampleMap (0.019584s)
[2017.10.11-15.37.39:996][ 16]LogInit: XAudio2 using 'Speakers (Realtek High Definition Audio)' : 2 channels at 48 kHz using 32 bits per sample (channel mask 0x3)
[2017.10.11-15.37.40:013][ 16]LogInit: FAudioDevice initialized.
[2017.10.11-15.37.40:066][ 16]LogLoad: Game class is 'TopDownGameMode_C'
[2017.10.11-15.37.40:069][ 16]LogWorld: Bringing World /Game/TopDownBP/Maps/UEDPIE_0_TopDownExampleMap.TopDownExampleMap up for play (max tick rate 0) at 2017.10.11-16.37.40
[2017.10.11-15.37.40:069][ 16]LogWorld: Bringing up level for play took: 0.002292
[2017.10.11-15.37.40:103][ 16]LogContentBrowser: Native class hierarchy updated for 'MovieSceneCapture' in 0.0007 seconds. Added 11 classes and 0 folders.
[2017.10.11-15.37.40:109][ 16]PIE: Play in editor start time for /Game/TopDownBP/Maps/UEDPIE_0_TopDownExampleMap 0.885
[2017.10.11-15.37.40:109][ 16]LogBlueprintUserMessages: Late PlayInEditor Detection: Level '/Game/TopDownBP/Maps/TopDownExampleMap.TopDownExampleMap:PersistentLevel' has LevelScriptBlueprint '/Game/TopDownBP/Maps/TopDownExampleMap.TopDownExampleMap:PersistentLevel.TopDownExampleMap' with GeneratedClass '/Game/TopDownBP/Maps/TopDownExampleMap.TopDownExampleMap_C' with ClassGeneratedBy '/Game/TopDownBP/Maps/TopDownExampleMap.TopDownExampleMap:PersistentLevel.TopDownExampleMap'
[2017.10.11-15.37.40:159][ 16]LogRenderer: Reallocating scene render targets to support 1932x1116 Format 10 NumSamples 1 (Frame:1).
[2017.10.11-15.37.46:039][566]LogBlueprintUserMessages: Early EndPlayMap Detection: Level '/Game/TopDownBP/Maps/TopDownExampleMap.TopDownExampleMap:PersistentLevel' has LevelScriptBlueprint '/Game/TopDownBP/Maps/TopDownExampleMap.TopDownExampleMap:PersistentLevel.TopDownExampleMap' with GeneratedClass '/Game/TopDownBP/Maps/TopDownExampleMap.TopDownExampleMap_C' with ClassGeneratedBy '/Game/TopDownBP/Maps/TopDownExampleMap.TopDownExampleMap:PersistentLevel.TopDownExampleMap'
[2017.10.11-15.37.46:069][566]LogBlueprintUserMessages: Late EndPlayMap Detection: Level '/Game/TopDownBP/Maps/TopDownExampleMap.TopDownExampleMap:PersistentLevel' has LevelScriptBlueprint '/Game/TopDownBP/Maps/TopDownExampleMap.TopDownExampleMap:PersistentLevel.TopDownExampleMap' with GeneratedClass '/Game/TopDownBP/Maps/TopDownExampleMap.TopDownExampleMap_C' with ClassGeneratedBy '/Game/TopDownBP/Maps/TopDownExampleMap.TopDownExampleMap:PersistentLevel.TopDownExampleMap'
[2017.10.11-15.37.52:305][294]LogSlate: Took 0.003626 seconds to synchronously load lazily loaded font '../../../Engine/Content/Editor/Slate/Fonts/Roboto-Italic.ttf' (157K)
[2017.10.11-15.38.36:085][318]LogSlate: Took 0.000215 seconds to synchronously load lazily loaded font '../../../Engine/Content/Slate/Fonts/Roboto-Light.ttf' (159K)
[2017.10.11-15.39.13:305][694]BlueprintLog: New page: Compile Inventory
[2017.10.11-15.39.13:762][742]Cmd: OBJ SAVEPACKAGE PACKAGE="/Game/HUDWidget/Inventory" FILE="../../../../../UE4Projects/MurderousMusk/Content/HUDWidget/Inventory.uasset" SILENT=true
[2017.10.11-15.39.13:820][742]LogSavePackage: Save=48.45ms
[2017.10.11-15.39.13:820][742]LogSavePackage: Moving '../../../../../UE4Projects/MurderousMusk/Saved/Inventory718A277A4ACB0875952848A2F59AF4A1.tmp' to '../../../../../UE4Projects/MurderousMusk/Content/HUDWidget/Inventory.uasset'
[2017.10.11-15.39.13:823][742]LogSavePackage: Display: Finished SavePackage ../../../../../UE4Projects/MurderousMusk/Content/HUDWidget/Inventory.uasset
[2017.10.11-15.39.17:507][171]LogTemp: Repeating last play command: New Editor Window (PIE)
[2017.10.11-15.39.17:527][171]LogBlueprintUserMessages: Early PlayInEditor Detection: Level '/Game/TopDownBP/Maps/TopDownExampleMap.TopDownExampleMap:PersistentLevel' has LevelScriptBlueprint '/Game/TopDownBP/Maps/TopDownExampleMap.TopDownExampleMap:PersistentLevel.TopDownExampleMap' with GeneratedClass '/Game/TopDownBP/Maps/TopDownExampleMap.TopDownExampleMap_C' with ClassGeneratedBy '/Game/TopDownBP/Maps/TopDownExampleMap.TopDownExampleMap:PersistentLevel.TopDownExampleMap'
[2017.10.11-15.39.17:527][171]LogPlayLevel: PlayLevel: No blueprints needed recompiling
[2017.10.11-15.39.17:527][171]PIE: New page: PIE session: TopDownExampleMap (11 Oct 2017 17:39:17)
[2017.10.11-15.39.17:527][171]LogPlayLevel: Creating play world package: /Game/TopDownBP/Maps/UEDPIE_0_TopDownExampleMap
[2017.10.11-15.39.17:545][171]LogPlayLevel: PIE: StaticDuplicateObject took: (0.017579s)
[2017.10.11-15.39.17:546][171]LogAIModule: Creating AISystem for world TopDownExampleMap
[2017.10.11-15.39.17:546][171]LogPlayLevel: PIE: World Init took: (0.000811s)
[2017.10.11-15.39.17:546][171]LogPlayLevel: PIE: Created PIE world by copying editor world from /Game/TopDownBP/Maps/TopDownExampleMap.TopDownExampleMap to /Game/TopDownBP/Maps/UEDPIE_0_TopDownExampleMap.TopDownExampleMap (0.018661s)
[2017.10.11-15.39.17:570][171]LogInit: XAudio2 using 'Speakers (Realtek High Definition Audio)' : 2 channels at 48 kHz using 32 bits per sample (channel mask 0x3)
[2017.10.11-15.39.17:589][171]LogInit: FAudioDevice initialized.
[2017.10.11-15.39.17:628][171]LogLoad: Game class is 'TopDownGameMode_C'
[2017.10.11-15.39.17:630][171]LogWorld: Bringing World /Game/TopDownBP/Maps/UEDPIE_0_TopDownExampleMap.TopDownExampleMap up for play (max tick rate 0) at 2017.10.11-16.39.17
[2017.10.11-15.39.17:631][171]LogWorld: Bringing up level for play took: 0.002241
[2017.10.11-15.39.17:635][171]PIE: Play in editor start time for /Game/TopDownBP/Maps/UEDPIE_0_TopDownExampleMap 0.41
[2017.10.11-15.39.17:635][171]LogBlueprintUserMessages: Late PlayInEditor Detection: Level '/Game/TopDownBP/Maps/TopDownExampleMap.TopDownExampleMap:PersistentLevel' has LevelScriptBlueprint '/Game/TopDownBP/Maps/TopDownExampleMap.TopDownExampleMap:PersistentLevel.TopDownExampleMap' with GeneratedClass '/Game/TopDownBP/Maps/TopDownExampleMap.TopDownExampleMap_C' with ClassGeneratedBy '/Game/TopDownBP/Maps/TopDownExampleMap.TopDownExampleMap:PersistentLevel.TopDownExampleMap'
[2017.10.11-15.39.31:868][774]LogBlueprintUserMessages: Early EndPlayMap Detection: Level '/Game/TopDownBP/Maps/TopDownExampleMap.TopDownExampleMap:PersistentLevel' has LevelScriptBlueprint '/Game/TopDownBP/Maps/TopDownExampleMap.TopDownExampleMap:PersistentLevel.TopDownExampleMap' with GeneratedClass '/Game/TopDownBP/Maps/TopDownExampleMap.TopDownExampleMap_C' with ClassGeneratedBy '/Game/TopDownBP/Maps/TopDownExampleMap.TopDownExampleMap:PersistentLevel.TopDownExampleMap'
[2017.10.11-15.39.31:895][774]LogBlueprintUserMessages: Late EndPlayMap Detection: Level '/Game/TopDownBP/Maps/TopDownExampleMap.TopDownExampleMap:PersistentLevel' has LevelScriptBlueprint '/Game/TopDownBP/Maps/TopDownExampleMap.TopDownExampleMap:PersistentLevel.TopDownExampleMap' with GeneratedClass '/Game/TopDownBP/Maps/TopDownExampleMap.TopDownExampleMap_C' with ClassGeneratedBy '/Game/TopDownBP/Maps/TopDownExampleMap.TopDownExampleMap:PersistentLevel.TopDownExampleMap'
[2017.10.11-15.47.26:040][490]LogFileHelpers: Editor autosave (incl. sublevels) for '/Game/TopDownBP/Maps/TopDownExampleMap' took 0.021
[2017.10.11-15.47.26:042][490]OBJ SavePackage: Generating thumbnails for [0] asset(s) in package [/Game/TopDownBP/Blueprints/TopDownGameMode] ([1] browsable assets)...
[2017.10.11-15.47.26:042][490]OBJ SavePackage: Finished generating thumbnails for package [/Game/TopDownBP/Blueprints/TopDownGameMode]
[2017.10.11-15.47.26:074][490]LogSavePackage: Save=18.37ms
[2017.10.11-15.47.26:074][490]LogSavePackage: Moving '../../../../../UE4Projects/MurderousMusk/Saved/TopDownGameMode_Auto12F0C9836455102ED52281081923D6053.tmp' to '../../../../../UE4Projects/MurderousMusk/Saved/Autosaves/Game/TopDownBP/Blueprints/TopDownGameMode_Auto1.uasset'
[2017.10.11-15.47.26:076][490]LogSavePackage: Display: Finished SavePackage ../../../../../UE4Projects/MurderousMusk/Saved/Autosaves/Game/TopDownBP/Blueprints/TopDownGameMode_Auto1.uasset
[2017.10.11-15.47.26:077][490]OBJ SavePackage: Generating thumbnails for [0] asset(s) in package [/Game/HUDWidget/Inventory] ([1] browsable assets)...
[2017.10.11-15.47.26:077][490]OBJ SavePackage: Finished generating thumbnails for package [/Game/HUDWidget/Inventory]
[2017.10.11-15.47.26:077][490]Cmd: OBJ SAVEPACKAGE PACKAGE="/Game/HUDWidget/Inventory" FILE="../../../../../UE4Projects/MurderousMusk/Saved/Autosaves/Game/HUDWidget/Inventory_Auto1.uasset" SILENT=false AUTOSAVING=true
[2017.10.11-15.47.26:133][490]LogSavePackage: Save=48.62ms
[2017.10.11-15.47.26:133][490]LogSavePackage: Moving '../../../../../UE4Projects/MurderousMusk/Saved/Inventory_Auto101467023405521EBA9A53CA98EF99802.tmp' to '../../../../../UE4Projects/MurderousMusk/Saved/Autosaves/Game/HUDWidget/Inventory_Auto1.uasset'
[2017.10.11-15.47.26:134][490]LogSavePackage: Display: Finished SavePackage ../../../../../UE4Projects/MurderousMusk/Saved/Autosaves/Game/HUDWidget/Inventory_Auto1.uasset
[2017.10.11-15.47.26:135][490]LogFileHelpers: Auto-saving content packages took 0.094
[2017.10.11-19.40.47:040][114]LogTemp: Repeating last play command: New Editor Window (PIE)
[2017.10.11-19.40.47:063][114]LogBlueprintUserMessages: Early PlayInEditor Detection: Level '/Game/TopDownBP/Maps/TopDownExampleMap.TopDownExampleMap:PersistentLevel' has LevelScriptBlueprint '/Game/TopDownBP/Maps/TopDownExampleMap.TopDownExampleMap:PersistentLevel.TopDownExampleMap' with GeneratedClass '/Game/TopDownBP/Maps/TopDownExampleMap.TopDownExampleMap_C' with ClassGeneratedBy '/Game/TopDownBP/Maps/TopDownExampleMap.TopDownExampleMap:PersistentLevel.TopDownExampleMap'
[2017.10.11-19.40.47:064][114]BlueprintLog: New page: Pre-Play auto-recompile
[2017.10.11-19.40.47:088][114]LogPlayLevel: [PlayLevel] Compiling Inventory before play...
[2017.10.11-19.40.47:097][114]LogPlayLevel: [PlayLevel]   Compiling TopDownGameMode as a dependent...
[2017.10.11-19.40.47:317][114]LogPlayLevel: PlayLevel: Blueprint regeneration took 253 ms (2 blueprints)
[2017.10.11-19.40.47:318][114]PIE: New page: PIE session: TopDownExampleMap (11 Oct 2017 21:40:47)
[2017.10.11-19.40.47:320][114]LogPlayLevel: Creating play world package: /Game/TopDownBP/Maps/UEDPIE_0_TopDownExampleMap
[2017.10.11-19.40.47:352][114]LogPlayLevel: PIE: StaticDuplicateObject took: (0.031694s)
[2017.10.11-19.40.47:354][114]LogAIModule: Creating AISystem for world TopDownExampleMap
[2017.10.11-19.40.47:354][114]LogPlayLevel: PIE: World Init took: (0.002289s)
[2017.10.11-19.40.47:354][114]LogPlayLevel: PIE: Created PIE world by copying editor world from /Game/TopDownBP/Maps/TopDownExampleMap.TopDownExampleMap to /Game/TopDownBP/Maps/UEDPIE_0_TopDownExampleMap.TopDownExampleMap (0.034576s)
[2017.10.11-19.40.47:386][114]LogInit: XAudio2 using 'Speakers (Realtek High Definition Audio)' : 2 channels at 48 kHz using 32 bits per sample (channel mask 0x3)
[2017.10.11-19.40.47:405][114]LogInit: FAudioDevice initialized.
[2017.10.11-19.40.47:460][114]LogLoad: Game class is 'TopDownGameMode_C'
[2017.10.11-19.40.47:465][114]LogWorld: Bringing World /Game/TopDownBP/Maps/UEDPIE_0_TopDownExampleMap.TopDownExampleMap up for play (max tick rate 0) at 2017.10.11-20.40.47
[2017.10.11-19.40.47:468][114]LogWorld: Bringing up level for play took: 0.006805
[2017.10.11-19.40.47:479][114]PIE: Play in editor start time for /Game/TopDownBP/Maps/UEDPIE_0_TopDownExampleMap 0.256
[2017.10.11-19.40.47:480][114]LogBlueprintUserMessages: Late PlayInEditor Detection: Level '/Game/TopDownBP/Maps/TopDownExampleMap.TopDownExampleMap:PersistentLevel' has LevelScriptBlueprint '/Game/TopDownBP/Maps/TopDownExampleMap.TopDownExampleMap:PersistentLevel.TopDownExampleMap' with GeneratedClass '/Game/TopDownBP/Maps/TopDownExampleMap.TopDownExampleMap_C' with ClassGeneratedBy '/Game/TopDownBP/Maps/TopDownExampleMap.TopDownExampleMap:PersistentLevel.TopDownExampleMap'
[2017.10.11-19.47.12:085][361]LogBlueprintUserMessages: Early EndPlayMap Detection: Level '/Game/TopDownBP/Maps/TopDownExampleMap.TopDownExampleMap:PersistentLevel' has LevelScriptBlueprint '/Game/TopDownBP/Maps/TopDownExampleMap.TopDownExampleMap:PersistentLevel.TopDownExampleMap' with GeneratedClass '/Game/TopDownBP/Maps/TopDownExampleMap.TopDownExampleMap_C' with ClassGeneratedBy '/Game/TopDownBP/Maps/TopDownExampleMap.TopDownExampleMap:PersistentLevel.TopDownExampleMap'
[2017.10.11-19.47.12:117][361]LogBlueprintUserMessages: Late EndPlayMap Detection: Level '/Game/TopDownBP/Maps/TopDownExampleMap.TopDownExampleMap:PersistentLevel' has LevelScriptBlueprint '/Game/TopDownBP/Maps/TopDownExampleMap.TopDownExampleMap:PersistentLevel.TopDownExampleMap' with GeneratedClass '/Game/TopDownBP/Maps/TopDownExampleMap.TopDownExampleMap_C' with ClassGeneratedBy '/Game/TopDownBP/Maps/TopDownExampleMap.TopDownExampleMap:PersistentLevel.TopDownExampleMap'
[2017.10.11-19.47.23:420][539]LogFileHelpers: Editor autosave (incl. sublevels) for '/Game/TopDownBP/Maps/TopDownExampleMap' took 0.019
[2017.10.11-19.47.23:422][539]OBJ SavePackage: Generating thumbnails for [0] asset(s) in package [/Game/TopDownBP/Blueprints/TopDownGameMode] ([1] browsable assets)...
[2017.10.11-19.47.23:422][539]OBJ SavePackage: Finished generating thumbnails for package [/Game/TopDownBP/Blueprints/TopDownGameMode]
[2017.10.11-19.47.23:462][539]LogSavePackage: Save=22.07ms
[2017.10.11-19.47.23:462][539]LogSavePackage: Moving '../../../../../UE4Projects/MurderousMusk/Saved/TopDownGameMode_Auto2E49B4D2F44ED9776F4402AB7E9E24940.tmp' to '../../../../../UE4Projects/MurderousMusk/Saved/Autosaves/Game/TopDownBP/Blueprints/TopDownGameMode_Auto2.uasset'
[2017.10.11-19.47.23:464][539]LogSavePackage: Display: Finished SavePackage ../../../../../UE4Projects/MurderousMusk/Saved/Autosaves/Game/TopDownBP/Blueprints/TopDownGameMode_Auto2.uasset
[2017.10.11-19.47.23:465][539]OBJ SavePackage: Generating thumbnails for [0] asset(s) in package [/Game/HUDWidget/Inventory] ([1] browsable assets)...
[2017.10.11-19.47.23:465][539]OBJ SavePackage: Finished generating thumbnails for package [/Game/HUDWidget/Inventory]
[2017.10.11-19.47.23:465][539]Cmd: OBJ SAVEPACKAGE PACKAGE="/Game/HUDWidget/Inventory" FILE="../../../../../UE4Projects/MurderousMusk/Saved/Autosaves/Game/HUDWidget/Inventory_Auto2.uasset" SILENT=false AUTOSAVING=true
[2017.10.11-19.47.23:533][539]LogSavePackage: Save=56.02ms
[2017.10.11-19.47.23:533][539]LogSavePackage: Moving '../../../../../UE4Projects/MurderousMusk/Saved/Inventory_Auto23FBE7E0C4BCED6F20902D2B104BD8EAD.tmp' to '../../../../../UE4Projects/MurderousMusk/Saved/Autosaves/Game/HUDWidget/Inventory_Auto2.uasset'
[2017.10.11-19.47.23:535][539]LogSavePackage: Display: Finished SavePackage ../../../../../UE4Projects/MurderousMusk/Saved/Autosaves/Game/HUDWidget/Inventory_Auto2.uasset
[2017.10.11-19.47.23:535][539]LogFileHelpers: Auto-saving content packages took 0.115
[2017.10.11-19.54.27:724][523]BlueprintLog: New page: Compile TopDownGameMode
[2017.10.11-19.54.38:217][698]LogSavePackage: Save=73.37ms
[2017.10.11-19.54.38:217][698]LogSavePackage: Moving '../../../../../UE4Projects/MurderousMusk/Saved/TopDownExampleMap8EEFE62B4BE0D4FEE449499562B0575D.tmp' to '../../../../../UE4Projects/MurderousMusk/Content/TopDownBP/Maps/TopDownExampleMap.umap'
[2017.10.11-19.54.38:220][698]LogSavePackage: Display: Finished SavePackage ../../../../../UE4Projects/MurderousMusk/Content/TopDownBP/Maps/TopDownExampleMap.umap
[2017.10.11-19.55.04:667][965]LogSavePackage: Save=70.39ms
[2017.10.11-19.55.04:667][965]LogSavePackage: Moving '../../../../../UE4Projects/MurderousMusk/Saved/TopDownExampleMap58DA44DE43CB0950286101BC14BCA654.tmp' to '../../../../../UE4Projects/MurderousMusk/Content/TopDownBP/Maps/TopDownExampleMap.umap'
[2017.10.11-19.55.04:669][965]LogSavePackage: Display: Finished SavePackage ../../../../../UE4Projects/MurderousMusk/Content/TopDownBP/Maps/TopDownExampleMap.umap
[2017.10.11-19.55.41:727][188]Cmd: OBJ SAVEPACKAGE PACKAGE="/Game/HUDWidget/Inventory" FILE="../../../../../UE4Projects/MurderousMusk/Content/HUDWidget/Inventory.uasset" SILENT=true
[2017.10.11-19.55.41:785][188]LogSavePackage: Save=49.87ms
[2017.10.11-19.55.41:785][188]LogSavePackage: Moving '../../../../../UE4Projects/MurderousMusk/Saved/InventoryFEDE5C0D4C23891648B5A39A6B8C439D.tmp' to '../../../../../UE4Projects/MurderousMusk/Content/HUDWidget/Inventory.uasset'
[2017.10.11-19.55.41:791][188]LogSavePackage: Display: Finished SavePackage ../../../../../UE4Projects/MurderousMusk/Content/HUDWidget/Inventory.uasset
[2017.10.11-19.55.41:794][188]Cmd: OBJ SAVEPACKAGE PACKAGE="/Game/TopDownBP/Blueprints/TopDownGameMode" FILE="../../../../../UE4Projects/MurderousMusk/Content/TopDownBP/Blueprints/TopDownGameMode.uasset" SILENT=true
[2017.10.11-19.55.41:821][188]LogSavePackage: Save=17.24ms
[2017.10.11-19.55.41:821][188]LogSavePackage: Moving '../../../../../UE4Projects/MurderousMusk/Saved/TopDownGameMode4719C096412B2215EC096C9A9456D05E.tmp' to '../../../../../UE4Projects/MurderousMusk/Content/TopDownBP/Blueprints/TopDownGameMode.uasset'
[2017.10.11-19.55.41:826][188]LogSavePackage: Display: Finished SavePackage ../../../../../UE4Projects/MurderousMusk/Content/TopDownBP/Blueprints/TopDownGameMode.uasset
[2017.10.11-19.55.41:883][188]LogWindowsTextInputMethodSystem: Display: IME system now deactivated.
[2017.10.11-19.55.42:090][189]Cmd: QUIT_EDITOR
[2017.10.11-19.55.42:476][189]LogExit: Preparing to exit.
[2017.10.11-19.55.43:668][189]LogDirectoryWatcher: A directory notification for 'D:/UE4Projects/MurderousMusk/Content/' was aborted.
[2017.10.11-19.55.43:770][189]LogExit: Editor shut down
[2017.10.11-19.55.43:793][189]LogExit: Transaction tracking system shut down
[2017.10.11-19.55.44:012][189]LogDirectoryWatcher: A directory notification for '../../../Engine/Content/' was aborted.
[2017.10.11-19.55.44:012][189]LogDirectoryWatcher: A directory notification for '../../../../../UE4Projects/MurderousMusk/Content/' was aborted.
[2017.10.11-19.55.44:013][189]LogDirectoryWatcher: A directory notification for '../../../Engine/Plugins/2D/Paper2D/Content/' was aborted.
[2017.10.11-19.55.44:013][189]LogDirectoryWatcher: A directory notification for '../../../Engine/Plugins/Runtime/Oculus/OculusVR/Content/' was aborted.
[2017.10.11-19.55.44:013][189]LogDirectoryWatcher: A directory notification for '../../../Engine/Plugins/Runtime/Steam/SteamVR/Content/' was aborted.
[2017.10.11-19.55.44:138][189]LogExit: Object subsystem successfully closed.
[2017.10.11-19.55.44:159][189]LogD3D11RHI: Shutdown
[2017.10.11-19.55.44:159][189]LogD3D11RHI: CleanupD3DDevice
[2017.10.11-19.55.44:276][189]LogD3D11RHI: ~FD3D11DynamicRHI
[2017.10.11-19.55.44:288][189]LogModuleManager: Shutting down and abandoning module SequencerWidgets (538)
[2017.10.11-19.55.44:289][189]LogModuleManager: Shutting down and abandoning module MovieSceneCapture (536)
[2017.10.11-19.55.44:289][189]LogModuleManager: Shutting down and abandoning module BlueprintGraph (534)
[2017.10.11-19.55.44:289][189]LogModuleManager: Shutting down and abandoning module BlueprintProfiler (532)
[2017.10.11-19.55.44:289][189]LogModuleManager: Shutting down and abandoning module HierarchicalLODOutliner (530)
[2017.10.11-19.55.44:289][189]LogModuleManager: Shutting down and abandoning module SceneOutliner (528)
[2017.10.11-19.55.44:289][189]LogModuleManager: Shutting down and abandoning module AddContentDialog (526)
[2017.10.11-19.55.44:289][189]LogDirectoryWatcher: A directory notification for 'D:/Unreal/UE_4.17/FeaturePacks/' was aborted.
[2017.10.11-19.55.44:293][189]LogModuleManager: Shutting down and abandoning module WidgetCarousel (525)
[2017.10.11-19.55.44:293][189]LogModuleManager: Shutting down and abandoning module EditorWidgets (522)
[2017.10.11-19.55.44:293][189]LogModuleManager: Shutting down and abandoning module CollectionManager (520)
[2017.10.11-19.55.44:293][189]LogDirectoryWatcher: A directory notification for 'D:/UE4Projects/MurderousMusk/Content/Collections/' was aborted.
[2017.10.11-19.55.44:293][189]LogDirectoryWatcher: A directory notification for 'D:/UE4Projects/MurderousMusk/Content/Developers/stuart/Collections/' was aborted.
[2017.10.11-19.55.44:293][189]LogDirectoryWatcher: A directory notification for 'D:/UE4Projects/MurderousMusk/Saved/Collections/' was aborted.
[2017.10.11-19.55.44:293][189]LogModuleManager: Shutting down and abandoning module StatsViewer (518)
[2017.10.11-19.55.44:293][189]LogModuleManager: Shutting down and abandoning module FoliageEdit (516)
[2017.10.11-19.55.44:293][189]LogModuleManager: Shutting down and abandoning module LandscapeEditor (514)
[2017.10.11-19.55.44:294][189]LogModuleManager: Shutting down and abandoning module MeshPaintMode (512)
[2017.10.11-19.55.44:294][189]LogModuleManager: Shutting down and abandoning module SceneDepthPickerMode (510)
[2017.10.11-19.55.44:294][189]LogModuleManager: Shutting down and abandoning module ActorPickerMode (508)
[2017.10.11-19.55.44:294][189]LogModuleManager: Shutting down and abandoning module GeometryMode (506)
[2017.10.11-19.55.44:294][189]LogModuleManager: Shutting down and abandoning module TextureAlignMode (504)
[2017.10.11-19.55.44:294][189]LogModuleManager: Shutting down and abandoning module BspMode (502)
[2017.10.11-19.55.44:294][189]LogModuleManager: Shutting down and abandoning module PIEPreviewDeviceProfileSelector (500)
[2017.10.11-19.55.44:294][189]LogModuleManager: Shutting down and abandoning module HardwareSurvey (498)
[2017.10.11-19.55.44:294][189]LogModuleManager: Shutting down and abandoning module SequenceRecorderSections (496)
[2017.10.11-19.55.44:294][189]LogModuleManager: Shutting down and abandoning module AutomationWorker (494)
[2017.10.11-19.55.44:294][189]LogModuleManager: Shutting down and abandoning module MatineeToLevelSequence (492)
[2017.10.11-19.55.44:294][189]LogModuleManager: Shutting down and abandoning module LevelSequenceEditor (490)
[2017.10.11-19.55.44:294][189]LogModuleManager: Shutting down and abandoning module PlacementMode (489)
[2017.10.11-19.55.44:294][189]LogModuleManager: Shutting down and abandoning module WmfMediaFactory (486)
[2017.10.11-19.55.44:294][189]LogModuleManager: Shutting down and abandoning module WmfMediaEditor (484)
[2017.10.11-19.55.44:294][189]LogModuleManager: Shutting down and abandoning module AvfMediaFactory (482)
[2017.10.11-19.55.44:294][189]LogModuleManager: Shutting down and abandoning module AvfMediaEditor (480)
[2017.10.11-19.55.44:294][189]LogModuleManager: Shutting down and abandoning module AndroidMediaFactory (478)
[2017.10.11-19.55.44:294][189]LogModuleManager: Shutting down and abandoning module Media (477)
[2017.10.11-19.55.44:294][189]LogModuleManager: Shutting down and abandoning module AndroidMediaEditor (474)
[2017.10.11-19.55.44:294][189]LogModuleManager: Shutting down and abandoning module CharacterAI (472)
[2017.10.11-19.55.44:294][189]LogModuleManager: Shutting down and abandoning module AudioCapture (470)
[2017.10.11-19.55.44:294][189]LogModuleManager: Shutting down and abandoning module SequenceRecorder (469)
[2017.10.11-19.55.44:294][189]LogModuleManager: Shutting down and abandoning module SmartSnapping (466)
[2017.10.11-19.55.44:294][189]LogModuleManager: Shutting down and abandoning module SessionServices (464)
[2017.10.11-19.55.44:294][189]LogModuleManager: Shutting down and abandoning module ViewportSnapping (462)
[2017.10.11-19.55.44:294][189]LogModuleManager: Shutting down and abandoning module ViewportInteraction (460)
[2017.10.11-19.55.44:294][189]LogModuleManager: Shutting down and abandoning module ClothPainter (458)
[2017.10.11-19.55.44:294][189]LogModuleManager: Shutting down and abandoning module LogVisualizer (456)
[2017.10.11-19.55.44:294][189]LogModuleManager: Shutting down and abandoning module IntroTutorials (454)
[2017.10.11-19.55.44:294][189]LogModuleManager: Shutting down and abandoning module GameProjectGeneration (453)
[2017.10.11-19.55.44:294][189]LogModuleManager: Shutting down and abandoning module IOSPlatformEditor (450)
[2017.10.11-19.55.44:294][189]LogModuleManager: Shutting down and abandoning module HTML5PlatformEditor (448)
[2017.10.11-19.55.44:295][189]LogModuleManager: Shutting down and abandoning module AndroidPlatformEditor (446)
[2017.10.11-19.55.44:295][189]LogModuleManager: Shutting down and abandoning module AndroidDeviceDetection (445)
[2017.10.11-19.55.45:002][189]LogModuleManager: Shutting down and abandoning module WindowsPlatformEditor (442)
[2017.10.11-19.55.45:002][189]LogModuleManager: Shutting down and abandoning module IOSRuntimeSettings (440)
[2017.10.11-19.55.45:002][189]LogModuleManager: Shutting down and abandoning module AndroidRuntimeSettings (438)
[2017.10.11-19.55.45:002][189]LogModuleManager: Shutting down and abandoning module InputBindingEditor (436)
[2017.10.11-19.55.45:002][189]LogModuleManager: Shutting down and abandoning module MergeActors (434)
[2017.10.11-19.55.45:002][189]LogModuleManager: Shutting down and abandoning module SizeMap (432)
[2017.10.11-19.55.45:002][189]LogModuleManager: Shutting down and abandoning module TreeMap (430)
[2017.10.11-19.55.45:002][189]LogModuleManager: Shutting down and abandoning module ReferenceViewer (428)
[2017.10.11-19.55.45:002][189]LogModuleManager: Shutting down and abandoning module LocalizationDashboard (426)
[2017.10.11-19.55.45:002][189]LogModuleManager: Shutting down and abandoning module LocalizationService (425)
[2017.10.11-19.55.45:002][189]LogModuleManager: Shutting down and abandoning module HardwareTargeting (422)
[2017.10.11-19.55.45:002][189]LogModuleManager: Shutting down and abandoning module DeviceProfileEditor (420)
[2017.10.11-19.55.45:002][189]LogModuleManager: Shutting down and abandoning module UndoHistory (418)
[2017.10.11-19.55.45:002][189]LogModuleManager: Shutting down and abandoning module XmlParser (416)
[2017.10.11-19.55.45:002][189]LogModuleManager: Shutting down and abandoning module Blutility (414)
[2017.10.11-19.55.45:002][189]LogModuleManager: Shutting down and abandoning module ProjectSettingsViewer (412)
[2017.10.11-19.55.45:003][189]LogModuleManager: Shutting down and abandoning module ProjectTargetPlatformEditor (411)
[2017.10.11-19.55.45:003][189]LogModuleManager: Shutting down and abandoning module EditorSettingsViewer (408)
[2017.10.11-19.55.45:003][189]LogModuleManager: Shutting down and abandoning module SettingsEditor (406)
[2017.10.11-19.55.45:003][189]LogModuleManager: Shutting down and abandoning module ProjectLauncher (404)
[2017.10.11-19.55.45:003][189]LogModuleManager: Shutting down and abandoning module SessionFrontend (402)
[2017.10.11-19.55.45:003][189]LogModuleManager: Shutting down and abandoning module ProfilerClient (400)
[2017.10.11-19.55.45:003][189]LogModuleManager: Shutting down and abandoning module DeviceManager (398)
[2017.10.11-19.55.45:003][189]LogModuleManager: Shutting down and abandoning module TargetDeviceServices (397)
[2017.10.11-19.55.45:058][189]LogModuleManager: Shutting down and abandoning module AutomationController (394)
[2017.10.11-19.55.45:058][189]LogModuleManager: Shutting down and abandoning module AutomationWindow (392)
[2017.10.11-19.55.45:058][189]LogModuleManager: Shutting down and abandoning module Layers (390)
[2017.10.11-19.55.45:058][189]LogModuleManager: Shutting down and abandoning module ComponentVisualizers (388)
[2017.10.11-19.55.45:058][189]LogModuleManager: Shutting down and abandoning module DetailCustomizations (386)
[2017.10.11-19.55.45:058][189]LogModuleManager: Shutting down and abandoning module PackagesDialog (384)
[2017.10.11-19.55.45:058][189]LogModuleManager: Shutting down and abandoning module Persona (382)
[2017.10.11-19.55.45:058][189]LogModuleManager: Shutting down and abandoning module AdvancedPreviewScene (381)
[2017.10.11-19.55.45:058][189]LogModuleManager: Shutting down and abandoning module AnimGraph (379)
[2017.10.11-19.55.45:058][189]LogModuleManager: Shutting down and abandoning module Kismet (376)
[2017.10.11-19.55.45:066][189]LogModuleManager: Shutting down and abandoning module ClassViewer (374)
[2017.10.11-19.55.45:066][189]LogModuleManager: Shutting down and abandoning module Toolbox (372)
[2017.10.11-19.55.45:066][189]LogModuleManager: Shutting down and abandoning module ModuleUI (370)
[2017.10.11-19.55.45:066][189]LogModuleManager: Shutting down and abandoning module MovieSceneTools (368)
[2017.10.11-19.55.45:067][189]LogModuleManager: Shutting down and abandoning module OutputLog (366)
[2017.10.11-19.55.45:067][189]LogModuleManager: Shutting down and abandoning module GammaUI (364)
[2017.10.11-19.55.45:067][189]LogModuleManager: Shutting down and abandoning module Documentation (362)
[2017.10.11-19.55.45:067][189]LogModuleManager: Shutting down and abandoning module MovieSceneTracks (360)
[2017.10.11-19.55.45:067][189]LogModuleManager: Shutting down and abandoning module MovieScene (358)
[2017.10.11-19.55.45:067][189]LogModuleManager: Shutting down and abandoning module Niagara (356)
[2017.10.11-19.55.45:067][189]LogModuleManager: Shutting down and abandoning module NiagaraEditor (355)
[2017.10.11-19.55.45:067][189]LogModuleManager: Shutting down and abandoning module StreamingPauseRendering (352)
[2017.10.11-19.55.45:067][189]LogModuleManager: Shutting down and abandoning module LauncherPlatform (350)
[2017.10.11-19.55.45:067][189]LogModuleManager: Shutting down and abandoning module AnalyticsET (348)
[2017.10.11-19.55.45:067][189]LogModuleManager: Shutting down and abandoning module PortalServices (346)
[2017.10.11-19.55.45:067][189]LogModuleManager: Shutting down and abandoning module PortalRpc (344)
[2017.10.11-19.55.45:067][189]LogModuleManager: Shutting down and abandoning module MessagingRpc (342)
[2017.10.11-19.55.45:067][189]LogModuleManager: Shutting down and abandoning module AIModule (340)
[2017.10.11-19.55.45:067][189]LogModuleManager: Shutting down and abandoning module GameplayDebugger (339)
[2017.10.11-19.55.45:067][189]LogModuleManager: Shutting down and abandoning module AITestSuite (337)
[2017.10.11-19.55.45:067][189]LogModuleManager: Shutting down and abandoning module ProfilerService (334)
[2017.10.11-19.55.45:085][189]LogModuleManager: Shutting down and abandoning module TaskGraph (332)
[2017.10.11-19.55.45:085][189]LogModuleManager: Shutting down and abandoning module SteamVRController (330)
[2017.10.11-19.55.45:085][189]LogModuleManager: Shutting down and abandoning module ProceduralMeshComponentEditor (328)
[2017.10.11-19.55.45:085][189]LogModuleManager: Shutting down and abandoning module ProceduralMeshComponent (326)
[2017.10.11-19.55.45:085][189]LogModuleManager: Shutting down and abandoning module OculusInput (324)
[2017.10.11-19.55.45:085][189]LogModuleManager: Shutting down and abandoning module MobilePatchingUtils (322)
[2017.10.11-19.55.45:085][189]LogModuleManager: Shutting down and abandoning module CustomMeshComponent (320)
[2017.10.11-19.55.45:085][189]LogModuleManager: Shutting down and abandoning module CableComponent (318)
[2017.10.11-19.55.45:085][189]LogModuleManager: Shutting down and abandoning module ArchVisCharacter (316)
[2017.10.11-19.55.45:085][189]LogModuleManager: Shutting down and abandoning module AndroidPermission (314)
[2017.10.11-19.55.45:085][189]LogModuleManager: Shutting down and abandoning module MediaPlayerEditor (310)
[2017.10.11-19.55.45:085][189]LogModuleManager: Shutting down and abandoning module HTML5Networking (308)
[2017.10.11-19.55.45:085][189]LogModuleManager: Shutting down and abandoning module AlembicImporter (306)
[2017.10.11-19.55.45:085][189]LogModuleManager: Shutting down and abandoning module AlembicLibrary (305)
[2017.10.11-19.55.45:085][189]LogModuleManager: Shutting down and abandoning module GeometryCache (304)
[2017.10.11-19.55.45:085][189]LogModuleManager: Shutting down and abandoning module GeometryCacheEd (303)
[2017.10.11-19.55.45:085][189]LogModuleManager: Shutting down and abandoning module SpeedTreeImporter (298)
[2017.10.11-19.55.45:085][189]LogModuleManager: Shutting down and abandoning module PluginBrowser (296)
[2017.10.11-19.55.45:086][189]LogModuleManager: Shutting down and abandoning module MobileLauncherProfileWizard (294)
[2017.10.11-19.55.45:086][189]LogModuleManager: Shutting down and abandoning module VisualStudioSourceCodeAccess (292)
[2017.10.11-19.55.45:086][189]LogModuleManager: Shutting down and abandoning module DesktopPlatform (291)
[2017.10.11-19.55.45:086][189]LogModuleManager: Shutting down and abandoning module UObjectPlugin (288)
[2017.10.11-19.55.45:086][189]LogModuleManager: Shutting down and abandoning module SubversionSourceControl (286)
[2017.10.11-19.55.45:086][189]LogModuleManager: Shutting down and abandoning module PerforceSourceControl (284)
[2017.10.11-19.55.45:086][189]LogModuleManager: Shutting down and abandoning module GitSourceControl (282)
[2017.10.11-19.55.45:086][189]LogModuleManager: Shutting down and abandoning module SourceControl (281)
[2017.10.11-19.55.45:086][189]LogModuleManager: Shutting down and abandoning module LightPropagationVolumeEditor (278)
[2017.10.11-19.55.45:086][189]LogModuleManager: Shutting down and abandoning module PaperTiledImporter (276)
[2017.10.11-19.55.45:086][189]LogModuleManager: Shutting down and abandoning module PaperSpriteSheetImporter (274)
[2017.10.11-19.55.45:086][189]LogModuleManager: Shutting down and abandoning module Paper2DEditor (272)
[2017.10.11-19.55.45:086][189]LogModuleManager: Shutting down and abandoning module MeshPaint (271)
[2017.10.11-19.55.45:086][189]LogModuleManager: Shutting down and abandoning module LevelEditor (269)
[2017.10.11-19.55.45:087][189]LogModuleManager: Shutting down and abandoning module PixelInspectorModule (268)
[2017.10.11-19.55.45:087][189]LogModuleManager: Shutting down and abandoning module MainFrame (266)
[2017.10.11-19.55.45:087][189]LogModuleManager: Shutting down and abandoning module HotReload (265)
[2017.10.11-19.55.45:087][189]LogModuleManager: Shutting down and abandoning module RuntimePhysXCooking (260)
[2017.10.11-19.55.45:087][189]LogModuleManager: Shutting down and abandoning module PhysXVehiclesEditor (258)
[2017.10.11-19.55.45:087][189]LogModuleManager: Shutting down and abandoning module PhysXVehicles (256)
[2017.10.11-19.55.45:087][189]LogModuleManager: Shutting down and abandoning module OculusEditor (254)
[2017.10.11-19.55.45:088][189]LogModuleManager: Shutting down and abandoning module LocationServicesBPLibrary (252)
[2017.10.11-19.55.45:088][189]LogModuleManager: Shutting down and abandoning module ImmediatePhysicsEditor (250)
[2017.10.11-19.55.45:088][189]LogModuleManager: Shutting down and abandoning module ImmediatePhysics (248)
[2017.10.11-19.55.45:088][189]LogModuleManager: Shutting down and abandoning module UdpMessaging (246)
[2017.10.11-19.55.45:189][189]LogModuleManager: Shutting down and abandoning module TcpMessaging (244)
[2017.10.11-19.55.45:290][189]LogModuleManager: Shutting down and abandoning module GameplayTagsEditor (242)
[2017.10.11-19.55.45:290][189]LogModuleManager: Shutting down and abandoning module FacialAnimationEditor (240)
[2017.10.11-19.55.45:290][189]LogModuleManager: Shutting down and abandoning module FacialAnimation (238)
[2017.10.11-19.55.45:290][189]LogModuleManager: Shutting down and abandoning module AssetManagerEditor (236)
[2017.10.11-19.55.45:290][189]LogModuleManager: Shutting down and abandoning module GraphEditor (235)
[2017.10.11-19.55.45:290][189]LogModuleManager: Shutting down and abandoning module ContentBrowser (233)
[2017.10.11-19.55.45:293][189]LogModuleManager: Shutting down and abandoning module LightPropagationVolumeRuntime (230)
[2017.10.11-19.55.45:293][189]LogModuleManager: Shutting down and abandoning module Paper2D (228)
[2017.10.11-19.55.45:293][189]LogModuleManager: Shutting down and abandoning module WindowsMoviePlayer (226)
[2017.10.11-19.55.45:293][189]LogModuleManager: Shutting down and abandoning module WmfMedia (224)
[2017.10.11-19.55.45:293][189]LogModuleManager: Shutting down and abandoning module PacketHandler (222)
[2017.10.11-19.55.45:293][189]LogModuleManager: Shutting down and abandoning module ClothingSystemEditor (220)
[2017.10.11-19.55.45:293][189]LogModuleManager: Shutting down and abandoning module ClothingSystemRuntime (218)
[2017.10.11-19.55.45:293][189]LogModuleManager: Shutting down and abandoning module Overlay (216)
[2017.10.11-19.55.45:293][189]LogModuleManager: Shutting down and abandoning module OverlayEditor (215)
[2017.10.11-19.55.45:293][189]LogModuleManager: Shutting down and abandoning module MediaAssets (212)
[2017.10.11-19.55.45:293][189]LogModuleManager: Shutting down and abandoning module VREditor (210)
[2017.10.11-19.55.45:293][189]LogModuleManager: Shutting down and abandoning module StringTableEditor (208)
[2017.10.11-19.55.45:293][189]LogModuleManager: Shutting down and abandoning module GameplayTasksEditor (206)
[2017.10.11-19.55.45:293][189]LogModuleManager: Shutting down and abandoning module BehaviorTreeEditor (204)
[2017.10.11-19.55.45:293][189]LogModuleManager: Shutting down and abandoning module FunctionalTesting (202)
[2017.10.11-19.55.45:293][189]LogModuleManager: Shutting down and abandoning module CollisionAnalyzer (200)
[2017.10.11-19.55.45:294][189]LogModuleManager: Shutting down and abandoning module WorkspaceMenuStructure (199)
[2017.10.11-19.55.45:294][189]LogModuleManager: Shutting down and abandoning module UMG (196)
[2017.10.11-19.55.45:294][189]LogModuleManager: Shutting down and abandoning module UMGEditor (195)
[2017.10.11-19.55.45:294][189]LogModuleManager: Shutting down and abandoning module Sequencer (194)
[2017.10.11-19.55.45:294][189]LogModuleManager: Shutting down and abandoning module MessageLog (191)
[2017.10.11-19.55.45:294][189]LogModuleManager: Shutting down and abandoning module SlateReflector (186)
[2017.10.11-19.55.45:294][189]LogModuleManager: Shutting down and abandoning module Slate (184)
[2017.10.11-19.55.45:294][189]LogModuleManager: Shutting down and abandoning module EditorStyle (182)
[2017.10.11-19.55.45:298][189]LogModuleManager: Shutting down and abandoning module MRMesh (180)
[2017.10.11-19.55.45:298][189]LogModuleManager: Shutting down and abandoning module SourceCodeAccess (178)
[2017.10.11-19.55.45:298][189]LogModuleManager: Shutting down and abandoning module HeadMountedDisplay (176)
[2017.10.11-19.55.45:298][189]LogModuleManager: Shutting down and abandoning module XAudio2 (174)
[2017.10.11-19.55.45:298][189]LogModuleManager: Shutting down and abandoning module Networking (172)
[2017.10.11-19.55.45:298][189]LogModuleManager: Shutting down and abandoning module Core (168)
[2017.10.11-19.55.45:298][189]LogModuleManager: Shutting down and abandoning module KismetCompiler (164)
[2017.10.11-19.55.45:298][189]LogModuleManager: Shutting down and abandoning module LevelSequence (162)
[2017.10.11-19.55.45:298][189]LogModuleManager: Shutting down and abandoning module MeshUtilities (160)
[2017.10.11-19.55.45:298][189]LogModuleManager: Shutting down and abandoning module MeshMergeUtilities (159)
[2017.10.11-19.55.45:298][189]LogModuleManager: Shutting down and abandoning module MeshReductionInterface (158)
[2017.10.11-19.55.45:298][189]LogModuleManager: Shutting down and abandoning module SimplygonSwarm (157)
[2017.10.11-19.55.45:298][189]LogModuleManager: Shutting down and abandoning module SimplygonMeshReduction (155)
[2017.10.11-19.55.45:298][189]LogModuleManager: Shutting down and abandoning module QuadricMeshReduction (153)
[2017.10.11-19.55.45:298][189]LogModuleManager: Shutting down and abandoning module MaterialBaking (149)
[2017.10.11-19.55.45:298][189]LogModuleManager: Shutting down and abandoning module DirectoryWatcher (146)
[2017.10.11-19.55.45:307][189]LogModuleManager: Shutting down and abandoning module DerivedDataCache (144)
[2017.10.11-19.55.45:387][189]LogDerivedDataCache: Shutdown
[2017.10.11-19.55.45:387][189]LogModuleManager: Shutting down and abandoning module TargetPlatform (142)
[2017.10.11-19.55.45:387][189]LogModuleManager: Shutting down and abandoning module VulkanShaderFormat (141)
[2017.10.11-19.55.45:387][189]LogModuleManager: Shutting down and abandoning module ShaderFormatVectorVM (139)
[2017.10.11-19.55.45:387][189]LogModuleManager: Shutting down and abandoning module ShaderFormatOpenGL (137)
[2017.10.11-19.55.45:387][189]LogModuleManager: Shutting down and abandoning module ShaderFormatD3D (135)
[2017.10.11-19.55.45:387][189]LogModuleManager: Shutting down and abandoning module MetalShaderFormat (133)
[2017.10.11-19.55.45:388][189]LogModuleManager: Shutting down and abandoning module TextureFormatUncompressed (131)
[2017.10.11-19.55.45:388][189]LogModuleManager: Shutting down and abandoning module TextureFormatPVR (129)
[2017.10.11-19.55.45:388][189]LogModuleManager: Shutting down and abandoning module TextureFormatDXT (127)
[2017.10.11-19.55.45:388][189]LogModuleManager: Shutting down and abandoning module TextureFormatIntelISPCTexComp (125)
[2017.10.11-19.55.45:388][189]LogModuleManager: Shutting down and abandoning module TextureFormatASTC (123)
[2017.10.11-19.55.45:388][189]LogModuleManager: Shutting down and abandoning module ImageWrapper (122)
[2017.10.11-19.55.45:388][189]LogModuleManager: Shutting down and abandoning module TextureFormatAndroid (119)
[2017.10.11-19.55.45:388][189]LogModuleManager: Shutting down and abandoning module AudioFormatOpus (117)
[2017.10.11-19.55.45:388][189]LogModuleManager: Shutting down and abandoning module AudioFormatOgg (115)
[2017.10.11-19.55.45:388][189]LogModuleManager: Shutting down and abandoning module AudioFormatADPCM (113)
[2017.10.11-19.55.45:388][189]LogModuleManager: Shutting down and abandoning module LinuxTargetPlatform (111)
[2017.10.11-19.55.45:388][189]LogModuleManager: Shutting down and abandoning module LinuxServerTargetPlatform (109)
[2017.10.11-19.55.45:388][189]LogModuleManager: Shutting down and abandoning module LinuxNoEditorTargetPlatform (107)
[2017.10.11-19.55.45:388][189]LogModuleManager: Shutting down and abandoning module LinuxClientTargetPlatform (105)
[2017.10.11-19.55.45:389][189]LogModuleManager: Shutting down and abandoning module TVOSTargetPlatform (103)
[2017.10.11-19.55.45:389][189]LogModuleManager: Shutting down and abandoning module Messaging (101)
[2017.10.11-19.55.45:389][189]LogModuleManager: Shutting down and abandoning module IOSTargetPlatform (99)
[2017.10.11-19.55.45:389][189]LogModuleManager: Shutting down and abandoning module HTML5TargetPlatform (97)
[2017.10.11-19.55.45:389][189]LogModuleManager: Shutting down and abandoning module Android_PVRTCTargetPlatform (95)
[2017.10.11-19.55.45:389][189]LogModuleManager: Shutting down and abandoning module Android_MultiTargetPlatform (93)
[2017.10.11-19.55.45:389][189]LogModuleManager: Shutting down and abandoning module Android_ETC2TargetPlatform (91)
[2017.10.11-19.55.45:389][189]LogModuleManager: Shutting down and abandoning module Android_ETC1TargetPlatform (89)
[2017.10.11-19.55.45:389][189]LogModuleManager: Shutting down and abandoning module Android_DXTTargetPlatform (87)
[2017.10.11-19.55.45:389][189]LogModuleManager: Shutting down and abandoning module Android_ATCTargetPlatform (85)
[2017.10.11-19.55.45:389][189]LogModuleManager: Shutting down and abandoning module Android_ASTCTargetPlatform (83)
[2017.10.11-19.55.45:389][189]LogModuleManager: Shutting down and abandoning module AndroidTargetPlatform (81)
[2017.10.11-19.55.45:389][189]LogModuleManager: Shutting down and abandoning module WindowsTargetPlatform (79)
[2017.10.11-19.55.45:389][189]LogModuleManager: Shutting down and abandoning module WindowsServerTargetPlatform (77)
[2017.10.11-19.55.45:389][189]LogModuleManager: Shutting down and abandoning module WindowsNoEditorTargetPlatform (75)
[2017.10.11-19.55.45:389][189]LogModuleManager: Shutting down and abandoning module WindowsClientTargetPlatform (73)
[2017.10.11-19.55.45:389][189]LogModuleManager: Shutting down and abandoning module MacTargetPlatform (71)
[2017.10.11-19.55.45:389][189]LogModuleManager: Shutting down and abandoning module MacServerTargetPlatform (69)
[2017.10.11-19.55.45:389][189]LogModuleManager: Shutting down and abandoning module MacNoEditorTargetPlatform (67)
[2017.10.11-19.55.45:389][189]LogModuleManager: Shutting down and abandoning module MacClientTargetPlatform (65)
[2017.10.11-19.55.45:389][189]LogModuleManager: Shutting down and abandoning module AllDesktopTargetPlatform (63)
[2017.10.11-19.55.45:389][189]LogModuleManager: Shutting down and abandoning module InputCore (60)
[2017.10.11-19.55.45:389][189]LogModuleManager: Shutting down and abandoning module Settings (58)
[2017.10.11-19.55.45:389][189]LogModuleManager: Shutting down and abandoning module PhysXCooking (56)
[2017.10.11-19.55.45:389][189]LogModuleManager: Shutting down and abandoning module SteamVR (54)
[2017.10.11-19.55.45:389][189]LogModuleManager: Shutting down and abandoning module OculusHMD (52)
[2017.10.11-19.55.45:389][189]LogModuleManager: Shutting down and abandoning module ExampleDeviceProfileSelector (50)
[2017.10.11-19.55.45:389][189]LogModuleManager: Shutting down and abandoning module OnlineBlueprintSupport (48)
[2017.10.11-19.55.45:389][189]LogModuleManager: Shutting down and abandoning module OnlineSubsystem (44)
[2017.10.11-19.55.45:389][189]LogOnline: Display: Unloading online subsystem: NULL
[2017.10.11-19.55.45:389][189]LogModuleManager: Shutting down and abandoning module XMPP (43)
[2017.10.11-19.55.45:389][189]LogModuleManager: Shutting down and abandoning module HTTP (41)
[2017.10.11-19.55.45:389][189]LogHttp: Display: Http module shutting down, but needs to wait on 1 outstanding Http requests:
[2017.10.11-19.55.45:389][189]LogHttp: Display: 	verb=[POST] url=[https://datarouter.ol.epicgames.com/datarouter/api/v1/public/data?SessionID=%7BFACB8867-41D4-5E68-751F-2487E85065C7%7D&AppID=UEEditor.Rocket.Release&AppVersion=4.17.2-3658906%2B%2B%2BUE4%2BRelease-4.17&UserID=6606545e4b9ea4578d84ac9b4292a3a8%7C1c2fde09bfc94933953f82b55353c2dc%7C53a87cb3-9485-4349-bf1d-25241b7c294c&AppEnvironment=datacollector-binary&UploadType=eteventstream] status=Processing
[2017.10.11-19.55.45:413][189]LogModuleManager: Shutting down and abandoning module SSL (40)
[2017.10.11-19.55.45:414][189]LogModuleManager: Shutting down and abandoning module AnimationModifiers (36)
[2017.10.11-19.55.45:414][189]LogModuleManager: Shutting down and abandoning module PropertyEditor (35)
[2017.10.11-19.55.45:414][189]LogModuleManager: Shutting down and abandoning module AudioEditor (32)
[2017.10.11-19.55.45:414][189]LogModuleManager: Shutting down and abandoning module TextureCompressor (30)
[2017.10.11-19.55.45:415][189]LogModuleManager: Shutting down and abandoning module ShaderCore (28)
[2017.10.11-19.55.45:415][189]LogModuleManager: Shutting down and abandoning module Landscape (26)
[2017.10.11-19.55.45:415][189]LogModuleManager: Shutting down and abandoning module SlateRHIRenderer (24)
[2017.10.11-19.55.45:418][189]LogModuleManager: Shutting down and abandoning module OpenGLDrv (22)
[2017.10.11-19.55.45:418][189]LogModuleManager: Shutting down and abandoning module D3D11RHI (20)
[2017.10.11-19.55.45:418][189]LogModuleManager: Shutting down and abandoning module AnimGraphRuntime (18)
[2017.10.11-19.55.45:418][189]LogModuleManager: Shutting down and abandoning module Renderer (16)
[2017.10.11-19.55.45:418][189]LogModuleManager: Shutting down and abandoning module Engine (14)
[2017.10.11-19.55.45:418][189]LogModuleManager: Shutting down and abandoning module CoreUObject (12)
[2017.10.11-19.55.45:418][189]LogModuleManager: Shutting down and abandoning module NetworkFile (10)
[2017.10.11-19.55.45:418][189]LogModuleManager: Shutting down and abandoning module CookedIterativeFile (8)
[2017.10.11-19.55.45:418][189]LogModuleManager: Shutting down and abandoning module StreamingFile (6)
[2017.10.11-19.55.45:418][189]LogModuleManager: Shutting down and abandoning module SandboxFile (4)
[2017.10.11-19.55.45:418][189]LogModuleManager: Shutting down and abandoning module PakFile (2)
[2017.10.11-19.55.45:422][189]LogExit: Exiting.
[2017.10.11-19.55.45:436][189]Log file closed, 10/11/17 20:55:45
