Log file open, 10/09/17 12:34:39
LogWindows: LoadLibraryWithSearchPaths failed for file aqProf.dll. GetLastError=0
LogWindows: LoadLibraryWithSearchPaths failed for file VtuneApi.dll. GetLastError=0
LogWindows: LoadLibraryWithSearchPaths failed for file VtuneApi32e.dll. GetLastError=0
LogInit: Display: Running engine for game: MurderousMusk
LogPlatformFile: Not using cached read wrapper
LogInit: Display: RandInit(-1163536607) SRandInit(-1163536607).
LogTaskGraph: Started task graph with 5 named threads and 14 total threads with 3 sets of task threads.
LogStats: Stats thread started at 0.175544
LogD3D11RHI: Aftermath initialized
LogPluginManager: Mounting plugin Paper2D
LogPluginManager: Mounting plugin LightPropagationVolume
LogPluginManager: Mounting plugin CodeLiteSourceCodeAccess
LogPluginManager: Mounting plugin GitSourceControl
LogPluginManager: Mounting plugin KDevelopSourceCodeAccess
LogPluginManager: Mounting plugin NullSourceCodeAccess
LogPluginManager: Mounting plugin PerforceSourceControl
LogPluginManager: Mounting plugin SubversionSourceControl
LogPluginManager: Mounting plugin UObjectPlugin
LogPluginManager: Mounting plugin VisualStudioSourceCodeAccess
LogPluginManager: Mounting plugin XCodeSourceCodeAccess
LogPluginManager: Mounting plugin AssetManagerEditor
LogPluginManager: Mounting plugin AudioCapture
LogPluginManager: Mounting plugin FacialAnimation
LogPluginManager: Mounting plugin GameplayTagsEditor
LogPluginManager: Mounting plugin MobileLauncherProfileWizard
LogPluginManager: Mounting plugin PluginBrowser
LogPluginManager: Mounting plugin SpeedTreeImporter
LogPluginManager: Mounting plugin AlembicImporter
LogPluginManager: Mounting plugin CharacterAI
LogPluginManager: Mounting plugin HTML5Networking
LogPluginManager: Mounting plugin AndroidMedia
LogPluginManager: Mounting plugin AvfMedia
LogPluginManager: Mounting plugin MediaPlayerEditor
LogPluginManager: Mounting plugin WmfMedia
LogPluginManager: Mounting plugin TcpMessaging
LogPluginManager: Mounting plugin UdpMessaging
LogPluginManager: Mounting plugin LevelSequenceEditor
LogPluginManager: Mounting plugin MatineeToLevelSequence
LogPluginManager: Mounting plugin OnlineSubsystemGooglePlay
LogPluginManager: Mounting plugin OnlineSubsystemIOS
LogPluginManager: Mounting plugin OnlineSubsystem
LogPluginManager: Mounting plugin OnlineSubsystemNull
LogPluginManager: Mounting plugin OnlineSubsystemUtils
LogPluginManager: Mounting plugin AndroidDeviceProfileSelector
LogPluginManager: Mounting plugin AndroidMoviePlayer
LogPluginManager: Mounting plugin AndroidPermission
LogPluginManager: Mounting plugin AppleMoviePlayer
LogPluginManager: Mounting plugin ArchVisCharacter
LogPluginManager: Mounting plugin CableComponent
LogPluginManager: Mounting plugin CustomMeshComponent
LogPluginManager: Mounting plugin ExampleDeviceProfileSelector
LogPluginManager: Mounting plugin GoogleCloudMessaging
LogPluginManager: Mounting plugin ImmediatePhysics
LogPluginManager: Mounting plugin IOSDeviceProfileSelector
LogPluginManager: Mounting plugin LinuxDeviceProfileSelector
LogPluginManager: Mounting plugin LocationServicesBPLibrary
LogPluginManager: Mounting plugin MobilePatchingUtils
LogPluginManager: Mounting plugin OculusVR
LogPluginManager: Mounting plugin PhysXVehicles
LogPluginManager: Mounting plugin ProceduralMeshComponent
LogPluginManager: Mounting plugin RuntimePhysXCooking
LogPluginManager: Mounting plugin SteamVR
LogPluginManager: Mounting plugin WindowsMoviePlayer
LogInit: Using libcurl 7.47.1
LogInit:  - built for x86_64-pc-win32
LogInit:  - supports SSL with OpenSSL/1.0.2g
LogInit:  - supports HTTP deflate (compression) using libz 1.2.8
LogInit:  - other features:
LogInit:      CURL_VERSION_SSL
LogInit:      CURL_VERSION_LIBZ
LogInit:      CURL_VERSION_IPV6
LogInit:      CURL_VERSION_ASYNCHDNS
LogInit:      CURL_VERSION_LARGEFILE
LogInit:      CURL_VERSION_IDN
LogInit:  CurlRequestOptions (configurable via config and command line):
LogInit:  - bVerifyPeer = false  - Libcurl will NOT verify peer certificate
LogInit:  - bUseHttpProxy = false  - Libcurl will NOT use HTTP proxy
LogInit:  - bDontReuseConnections = false  - Libcurl will reuse connections
LogInit:  - CertBundlePath = nullptr  - Libcurl will use whatever was configured at build time.
LogInit: Build: ++UE4+Release-4.17-CL-3573198
LogInit: Engine Version: 4.17.0-3573198+++UE4+Release-4.17
LogInit: Compatible Engine Version: 4.17.0-3573198+++UE4+Release-4.17
LogInit: Net CL: 3573198
LogDevObjectVersion: Number of dev versions registered: 16
LogDevObjectVersion:   Dev-Blueprints (B0D832E4-1F89-4F0D-ACCF-7EB736FD4AA2): 10
LogDevObjectVersion:   Dev-Build (E1C64328-A22C-4D53-A36C-8E866417BD8C): 0
LogDevObjectVersion:   Dev-Core (375EC13C-06E4-48FB-B500-84F0262A717E): 2
LogDevObjectVersion:   Dev-Editor (E4B068ED-F494-42E9-A231-DA0B2E46BB41): 20
LogDevObjectVersion:   Dev-Framework (CFFC743F-43B0-4480-9391-14DF171D2073): 28
LogDevObjectVersion:   Dev-Mobile (B02B49B5-BB20-44E9-A304-32B752E40360): 0
LogDevObjectVersion:   Dev-Networking (A4E4105C-59A1-49B5-A7C5-40C4547EDFEE): 0
LogDevObjectVersion:   Dev-Online (39C831C9-5AE6-47DC-9A44-9C173E1C8E7C): 0
LogDevObjectVersion:   Dev-Physics (78F01B33-EBEA-4F98-B9B4-84EACCB95AA2): 0
LogDevObjectVersion:   Dev-Platform (6631380F-2D4D-43E0-8009-CF276956A95A): 0
LogDevObjectVersion:   Dev-Rendering (12F88B9F-8875-4AFC-A67C-D90C383ABD29): 19
LogDevObjectVersion:   Dev-Sequencer (7B5AE74C-D270-4C10-A958-57980B212A5A): 4
LogDevObjectVersion:   Dev-VR (D7296918-1DD6-4BDD-9DE2-64A83CC13884): 0
LogDevObjectVersion:   Dev-LoadTimes (C2A15278-BFE7-4AFE-6C17-90FF531DF755): 1
LogDevObjectVersion:   Private-Geometry (6EACA3D4-40EC-4CC1-B786-8BED09428FC5): 1
LogDevObjectVersion:   Dev-AnimPhys (29E575DD-E0A3-4627-9D10-D276232CDCEA): 7
LogInit: Compiled (64-bit): Aug  4 2017 16:30:33
LogInit: Compiled with Visual C++: 19.00.24215.01
LogInit: Build Configuration: Development
LogInit: Branch Name: ++UE4+Release-4.17
LogInit: Command line: 
LogInit: Base directory: C:/Program Files (x86)/Epic Games/UE_4.17/Engine/Binaries/Win64/
LogInit: Installed Engine Build: 1
LogInit: Presizing for max 8388607 objects, including 0 objects not considered by GC, pre-allocating 0 bytes for permanent pool.
LogInit: Object subsystem initialized
[2017.10.09-11.34.41:426][  0]LogInit: Selected Device Profile: [Windows]
[2017.10.09-11.34.41:426][  0]LogInit: Applying CVar settings loaded from the selected device profile: [Windows]
[2017.10.09-11.34.41:471][  0]LogInit: Computer: MC10762
[2017.10.09-11.34.41:471][  0]LogInit: User: 1602897
[2017.10.09-11.34.41:471][  0]LogInit: CPU Page size=4096, Cores=4
[2017.10.09-11.34.41:471][  0]LogInit: High frequency timer resolution =3.118046 MHz
[2017.10.09-11.34.41:472][  0]LogMemory: Memory total: Physical=7.9GB (8GB approx)
[2017.10.09-11.34.41:472][  0]LogMemory: Platform Memory Stats for Windows
[2017.10.09-11.34.41:472][  0]LogMemory: Process Physical Memory: 279.48 MB used, 279.48 MB peak
[2017.10.09-11.34.41:472][  0]LogMemory: Process Virtual Memory: 284.42 MB used, 284.42 MB peak
[2017.10.09-11.34.41:472][  0]LogMemory: Physical Memory: 2557.35 MB used,  5577.60 MB free, 8134.95 MB total
[2017.10.09-11.34.41:472][  0]LogMemory: Virtual Memory: 663.19 MB used,  5577.60 MB free, 8388608.00 MB total
[2017.10.09-11.34.41:854][  0]LogInit: Using OS detected language (en-GB).
[2017.10.09-11.34.41:854][  0]LogInit: Using OS detected locale (en-GB).
[2017.10.09-11.34.41:858][  0]LogTextLocalizationManager: No specific localization for 'en-GB' exists, so the 'en' localization will be used.
[2017.10.09-11.34.42:650][  0]LogD3D11RHI: D3D11 adapters:
[2017.10.09-11.34.42:665][  0]LogD3D11RHI:    0. 'NVIDIA GeForce GT 440' (Feature Level 11_0)
[2017.10.09-11.34.42:666][  0]LogD3D11RHI:       979/0/3071 MB DedicatedVideo/DedicatedSystem/SharedSystem, Outputs:1, VendorId:0x10de
[2017.10.09-11.34.42:666][  0]LogD3D11RHI: Chosen D3D11 Adapter: 0
[2017.10.09-11.34.42:669][  0]LogD3D11RHI: Creating new Direct3DDevice
[2017.10.09-11.34.42:669][  0]LogD3D11RHI:     GPU DeviceId: 0xde0 (for the marketing name, search the web for "GPU Device Id")
[2017.10.09-11.34.42:669][  0]LogWindows: EnumDisplayDevices:
[2017.10.09-11.34.42:670][  0]LogWindows:    0. 'NVIDIA GeForce GT 440' (P:1 D:1)
[2017.10.09-11.34.42:670][  0]LogWindows:    1. 'NVIDIA GeForce GT 440' (P:0 D:0)
[2017.10.09-11.34.42:670][  0]LogWindows:    2. 'RDPDD Chained DD' (P:0 D:0)
[2017.10.09-11.34.42:670][  0]LogWindows:    3. 'RDP Encoder Mirror Driver' (P:0 D:0)
[2017.10.09-11.34.42:670][  0]LogWindows:    4. 'RDP Reflector Display Driver' (P:0 D:0)
[2017.10.09-11.34.42:670][  0]LogWindows: DebugString: GetVideoDriverDetailsInvalid PrimaryIsNotTheChoosenAdapter GetVideoDriverDetailsInvalid PrimaryIsNotTheChoosenAdapter GetVideoDriverDetailsInvalid PrimaryIsNotTheChoosenAdapter FoundDriverCount:2 
[2017.10.09-11.34.42:670][  0]LogD3D11RHI:     Adapter Name: NVIDIA GeForce GT 440
[2017.10.09-11.34.42:670][  0]LogD3D11RHI:   Driver Version: 378.92 (internal:21.21.13.7892, unified:378.92)
[2017.10.09-11.34.42:670][  0]LogD3D11RHI:      Driver Date: 3-16-2017
[2017.10.09-11.34.42:670][  0]LogRHI: Texture pool is 685 MB (70% of 979 MB)
[2017.10.09-11.34.42:680][  0]LogD3D11RHI: Display: Timestamp queries are currently disabled on this hardware due to instability. Realtime GPU stats will not be available. You can override this behaviour by setting r.NVIDIATimestampWorkaround to 0
[2017.10.09-11.34.42:680][  0]LogD3D11RHI: Async texture creation enabled
[2017.10.09-11.34.42:695][  0]LogD3D11RHI: GPU Timing Frequency: 1000.000000 (Debug: 2 2)
[2017.10.09-11.34.42:743][  0]LogShaderCompilers: Guid format shader working directory is 22 characters bigger than the processId version (M:/GitHub/MM/MurderousMusk/Intermediate/Shaders/WorkingDirectory/2660/).
[2017.10.09-11.34.42:743][  0]LogShaderCompilers: Cleaned the shader compiler working directory 'C:/Users/1602897/AppData/Local/Temp/UnrealShaderWorkingDir/AA78E215424BF6B7F85AAD8A7822F32E/'.
[2017.10.09-11.34.42:743][  0]LogShaderCompilers: Display: Using Local Shader Compiler.
[2017.10.09-11.34.44:010][  0]LogTemp: Display: Loaded TP AllDesktopTargetPlatform
[2017.10.09-11.34.44:110][  0]LogTemp: Display: Loaded TP MacClientTargetPlatform
[2017.10.09-11.34.44:212][  0]LogTemp: Display: Loaded TP MacNoEditorTargetPlatform
[2017.10.09-11.34.44:313][  0]LogTemp: Display: Loaded TP MacServerTargetPlatform
[2017.10.09-11.34.44:415][  0]LogTemp: Display: Loaded TP MacTargetPlatform
[2017.10.09-11.34.44:516][  0]LogTemp: Display: Loaded TP WindowsClientTargetPlatform
[2017.10.09-11.34.44:618][  0]LogTemp: Display: Loaded TP WindowsNoEditorTargetPlatform
[2017.10.09-11.34.44:720][  0]LogTemp: Display: Loaded TP WindowsServerTargetPlatform
[2017.10.09-11.34.44:811][  0]LogTemp: Display: Loaded TP WindowsTargetPlatform
[2017.10.09-11.34.44:911][  0]LogTemp: Display: Loaded TP AndroidTargetPlatform
[2017.10.09-11.34.45:011][  0]LogTemp: Display: Loaded TP Android_ASTCTargetPlatform
[2017.10.09-11.34.45:111][  0]LogTemp: Display: Loaded TP Android_ATCTargetPlatform
[2017.10.09-11.34.45:211][  0]LogTemp: Display: Loaded TP Android_DXTTargetPlatform
[2017.10.09-11.34.45:310][  0]LogTemp: Display: Loaded TP Android_ETC1TargetPlatform
[2017.10.09-11.34.45:415][  0]LogTemp: Display: Loaded TP Android_ETC2TargetPlatform
[2017.10.09-11.34.45:615][  0]LogTemp: Display: Loaded TP Android_MultiTargetPlatform
[2017.10.09-11.34.45:615][  0]LogTemp: Display: Loaded TP Android_PVRTCTargetPlatform
[2017.10.09-11.34.45:700][  0]LogTemp: Display: Loaded TP HTML5TargetPlatform
[2017.10.09-11.34.45:862][  0]LogTemp: Display: Loaded TP IOSTargetPlatform
[2017.10.09-11.34.45:921][  0]LogTemp: Display: Loaded TP TVOSTargetPlatform
[2017.10.09-11.34.46:023][  0]LogTemp: Display: Loaded TP LinuxClientTargetPlatform
[2017.10.09-11.34.46:123][  0]LogTemp: Display: Loaded TP LinuxNoEditorTargetPlatform
[2017.10.09-11.34.46:223][  0]LogTemp: Display: Loaded TP LinuxServerTargetPlatform
[2017.10.09-11.34.46:325][  0]LogTemp: Display: Loaded TP LinuxTargetPlatform
[2017.10.09-11.34.46:325][  0]LogTargetPlatformManager: Display: Building Assets For Windows
[2017.10.09-11.34.47:303][  0]LogDerivedDataCache: Display: Max Cache Size: 512 MB
[2017.10.09-11.34.47:403][  0]LogDerivedDataCache: Loaded boot cache 0.10s 93MB C:/Users/1602897/AppData/Local/UnrealEngine/4.17/DerivedDataCache/Boot.ddc.
[2017.10.09-11.34.47:403][  0]LogDerivedDataCache: Display: Loaded Boot cache: C:/Users/1602897/AppData/Local/UnrealEngine/4.17/DerivedDataCache/Boot.ddc
[2017.10.09-11.34.47:404][  0]LogDerivedDataCache: FDerivedDataBackendGraph:  Pak pak cache file M:/GitHub/MM/MurderousMusk/DerivedDataCache/DDC.ddp not found, will not use a pak cache.
[2017.10.09-11.34.47:404][  0]LogDerivedDataCache: Unable to find inner node Pak for hierarchical cache Hierarchy.
[2017.10.09-11.34.47:405][  0]LogDerivedDataCache: FDerivedDataBackendGraph:  CompressedPak pak cache file M:/GitHub/MM/MurderousMusk/DerivedDataCache/Compressed.ddp not found, will not use a pak cache.
[2017.10.09-11.34.47:405][  0]LogDerivedDataCache: Unable to find inner node CompressedPak for hierarchical cache Hierarchy.
[2017.10.09-11.34.47:424][  0]LogDerivedDataCache: Display: Pak cache opened for reading ../../../Engine/DerivedDataCache/Compressed.ddp.
[2017.10.09-11.34.47:436][  0]LogDerivedDataCache: Using Local data cache path C:/Users/1602897/AppData/Local/UnrealEngine/Common/DerivedDataCache: Writable
[2017.10.09-11.34.47:448][  0]LogMaterial: Verifying Global Shaders for PCD3D_SM5
[2017.10.09-11.34.47:448][  0]LogSlate: Using Freetype 2.6.0
[2017.10.09-11.34.47:449][  0]LogSlate: SlateFontCache - WITH_FREETYPE: 1, WITH_HARFBUZZ: 1
[2017.10.09-11.34.47:449][  0]LogSlate: SlateFontCache - WITH_FREETYPE: 1, WITH_HARFBUZZ: 1
[2017.10.09-11.34.47:781][  0]LogAssetRegistry: FAssetRegistry took 0.0257 seconds to start up
[2017.10.09-11.34.48:068][  0]LogInit: Selected Device Profile: [Windows]
[2017.10.09-11.34.48:073][  0]LogContentStreaming: Texture pool size is 0.00 MB
[2017.10.09-11.34.48:770][  0]LogSimplygon: Simplygon DLL not present - disabling.
[2017.10.09-11.34.48:854][  0]LogMeshReduction: Using SimplygonSwarm for distributed automatic mesh merging
[2017.10.09-11.34.48:854][  0]LogMeshReduction: Using QuadricMeshReduction for automatic static mesh reduction
[2017.10.09-11.34.48:854][  0]LogMeshReduction: No automatic skeletal mesh reduction module available
[2017.10.09-11.34.48:854][  0]LogMeshReduction: No automatic mesh merging module available
[2017.10.09-11.34.48:854][  0]LogMeshMerging: No automatic mesh merging module available
[2017.10.09-11.34.49:240][  0]LogNetVersion: MurderousMusk , NetCL: 3573198, EngineNetVer: 2, GameNetVer: 0 (Checksum: 1135293484)
[2017.10.09-11.34.49:670][  0]LogPackageLocalizationCache: Processed 5 localized package path(s) for 2 prioritized culture(s) in 0.183387 seconds
[2017.10.09-11.34.49:676][  0]LogUObjectArray: 35825 objects as part of root set at end of initial load.
[2017.10.09-11.34.49:676][  0]LogUObjectAllocator: 7529112 out of 0 bytes used by permanent object pool.
[2017.10.09-11.34.49:676][  0]LogUObjectArray: CloseDisregardForGC: 0/0 objects in disregard for GC pool
[2017.10.09-11.34.49:802][  0]LogInit: WinSock: version 1.1 (2.2), MaxSocks=32767, MaxUdp=65467
[2017.10.09-11.34.53:897][  0]LogTcpMessaging: Initializing TcpMessaging bridge
[2017.10.09-11.34.53:960][  0]LogUdpMessaging: Initializing bridge on interface 0.0.0.0:0 to multicast group 230.0.0.1:6666.
[2017.10.09-11.34.53:962][  0]LogDirectoryWatcher: A directory notification failed for 'M:/GitHub/MM/MurderousMusk/Content/' because it was empty or there was a buffer overflow. Attemping another request...
[2017.10.09-11.34.55:184][  0]LogMaterial: Uniform references updated for custom material expression Custom.
[2017.10.09-11.34.55:979][  0]SourceControl: Source control is disabled
[2017.10.09-11.34.55:979][  0]SourceControl: Source control is disabled
[2017.10.09-11.34.56:080][  0]SourceControl: Source control is disabled
[2017.10.09-11.34.56:186][  0]SourceControl: Source control is disabled
[2017.10.09-11.34.57:401][  0]LogAndroidPermission: UAndroidPermissionCallbackProxy::GetInstance
[2017.10.09-11.34.57:914][  0]LogOcInput: OculusInput pre-init called
[2017.10.09-11.34.58:416][  0]LogEngine: Initializing Engine...
[2017.10.09-11.34.58:419][  0]LogHMD: Failed to initialize OpenVR with code 110
[2017.10.09-11.34.58:665][  0]LogStats: UGameplayTagsManager::ConstructGameplayTagTree: Construct from data asset -  0.000 s
[2017.10.09-11.34.58:665][  0]LogStats: UGameplayTagsManager::ConstructGameplayTagTree: GameplayTagTreeChangedEvent.Broadcast -  0.000 s
[2017.10.09-11.34.59:011][  0]LogAIModule: Creating AISystem for world Untitled
[2017.10.09-11.34.59:023][  0]LogInit: XAudio2 using 'Speakers (Realtek High Definition Audio)' : 2 channels at 48 kHz using 32 bits per sample (channel mask 0x3)
[2017.10.09-11.34.59:090][  0]LogInit: FAudioDevice initialized.
[2017.10.09-11.34.59:312][  0]LogDerivedDataCache: Saved boot cache 0.22s 93MB C:/Users/1602897/AppData/Local/UnrealEngine/4.17/DerivedDataCache/Boot.ddc.
[2017.10.09-11.34.59:332][  0]LogInit: Texture streaming: Enabled
[2017.10.09-11.34.59:576][  0]LogEngineSessionManager: EngineSessionManager initialized
[2017.10.09-11.35.00:050][  0]LogInit: Transaction tracking system initialized
[2017.10.09-11.35.00:696][  0]BlueprintLog: New page: Editor Load
[2017.10.09-11.35.02:534][  0]LocalizationService: Localization service is disabled
[2017.10.09-11.35.03:929][  0]LogConsoleResponse: Display: 
[2017.10.09-11.35.04:158][  0]LogCook: Display: Max memory allowance for cook 16384mb min free memory 0mb
[2017.10.09-11.35.04:158][  0]LogCook: Display: Mobile HDR setting 1
[2017.10.09-11.35.04:158][  0]LogGameplayTags: Display: UGameplayTagsManager::DoneAddingNativeTags. DelegateIsBound: 0
[2017.10.09-11.35.04:696][  0]LogFileCache: Scanning file cache for directory 'M:/GitHub/MM/MurderousMusk/Content/' took 0.10s
[2017.10.09-11.35.06:229][  0]SourceControl: Source control is disabled
[2017.10.09-11.35.06:229][  0]Cmd: MAP LOAD FILE="M:/GitHub/MM/MurderousMusk/Content/TopDownBP/Maps/TopDownExampleMap.umap" TEMPLATE=0 SHOWPROGRESS=1 FEATURELEVEL=3
[2017.10.09-11.35.06:235][  0]LightingResults: New page: Lighting Build
[2017.10.09-11.35.06:322][  0]MapCheck: New page: Map Check
[2017.10.09-11.35.06:322][  0]LightingResults: New page: Lighting Build
[2017.10.09-11.35.09:719][  0]LogAIModule: Creating AISystem for world TopDownExampleMap
[2017.10.09-11.35.09:819][  0]LogEditorServer: Finished looking for orphan Actors (0.000 secs)
[2017.10.09-11.35.09:878][  0]Cmd: MAP CHECKDEP NOCLEARLOG
[2017.10.09-11.35.09:979][  0]MapCheck: Map check complete: 0 Error(s), 0 Warning(s), took 100.395ms to complete.
[2017.10.09-11.35.09:979][  0]LogFileHelpers: Loading map 'TopDownExampleMap' took 3.749
[2017.10.09-11.35.10:554][  0]LogCollectionManager: Loaded 0 collections in 0.004233 seconds
[2017.10.09-11.35.10:747][  0]LogFileCache: Scanning file cache for directory 'M:/GitHub/MM/MurderousMusk/Saved/Collections/' took 0.01s
[2017.10.09-11.35.10:747][  0]LogFileCache: Scanning file cache for directory 'M:/GitHub/MM/MurderousMusk/Content/Developers/1602897/Collections/' took 0.01s
[2017.10.09-11.35.10:747][  0]LogFileCache: Scanning file cache for directory 'M:/GitHub/MM/MurderousMusk/Content/Collections/' took 0.01s
[2017.10.09-11.35.10:747][  0]LogCollectionManager: Rebuilt the GUID cache for 0 collections in 0.000001 seconds
[2017.10.09-11.35.10:763][  0]LogContentBrowser: Native class hierarchy populated in 0.0105 seconds. Added 2386 classes and 500 folders.
[2017.10.09-11.35.10:914][  0]LogContentBrowser: Native class hierarchy updated for 'WidgetCarousel' in 0.0010 seconds. Added 0 classes and 0 folders.
[2017.10.09-11.35.11:450][  0]LogContentBrowser: Native class hierarchy updated for 'AddContentDialog' in 0.0020 seconds. Added 0 classes and 0 folders.
[2017.10.09-11.35.11:565][  0]LogContentBrowser: Native class hierarchy updated for 'SceneOutliner' in 0.0011 seconds. Added 1 classes and 2 folders.
[2017.10.09-11.35.11:761][  0]LogSlate: Took 0.000630 seconds to synchronously load lazily loaded font '../../../Engine/Content/Slate/Fonts/Roboto-Regular.ttf' (155K)
[2017.10.09-11.35.11:765][  0]LogSlate: Took 0.000403 seconds to synchronously load lazily loaded font '../../../Engine/Content/Slate/Fonts/Roboto-Bold.ttf' (160K)
[2017.10.09-11.35.11:820][  0]LogSlate: Took 0.017437 seconds to synchronously load lazily loaded font '../../../Engine/Content/Editor/Slate/Fonts/FontAwesome.ttf' (139K)
[2017.10.09-11.35.12:150][  0]LogRenderer: Reallocating scene render targets to support 1004x456 Format 10 NumSamples 1 (Frame:1).
[2017.10.09-11.35.12:922][  0]LogContentBrowser: Native class hierarchy updated for 'HierarchicalLODOutliner' in 0.0010 seconds. Added 1 classes and 2 folders.
[2017.10.09-11.35.12:922][  0]LogLoad: (Engine Initialization) Total time: 34.68 seconds
[2017.10.09-11.35.12:922][  0]LogLoad: (Engine Initialization) Total Blueprint compile time: 0.00 seconds
[2017.10.09-11.35.12:923][  0]LogExternalProfiler: Found external profiler: VSPerf
[2017.10.09-11.35.12:923][  0]LogExternalProfiler: Using external profiler: VSPerf
[2017.10.09-11.35.12:955][  0]LogContentStreaming: Texture pool size now 1000 MB
[2017.10.09-11.35.13:012][  0]LogContentBrowser: Verbose: The majority of assets in the view are of type: Blueprint
[2017.10.09-11.35.13:085][  1]LogAssetRegistry: Asset discovery search completed in 25.3219 seconds
[2017.10.09-11.35.13:087][  1]LogCollectionManager: Rebuilt the object cache for 0 collections in 0.000001 seconds (found 0 objects)
[2017.10.09-11.35.13:087][  1]LogCollectionManager: Fixed up redirectors for 0 collections in 0.000045 seconds (updated 0 objects)
[2017.10.09-11.35.13:221][  3]LogDirectoryWatcher: A directory notification failed for 'M:/GitHub/MM/MurderousMusk/Content/' because it was empty or there was a buffer overflow. Attemping another request...
[2017.10.09-11.35.13:222][  3]LogDirectoryWatcher: A directory notification failed for 'M:/GitHub/MM/MurderousMusk/Content/', and we were unable to create a new request.
[2017.10.09-11.35.13:222][  3]LogDirectoryWatcher: A directory notification failed for 'M:/GitHub/MM/MurderousMusk/Saved/Collections/' because it was empty or there was a buffer overflow. Attemping another request...
[2017.10.09-11.35.13:222][  3]LogDirectoryWatcher: A directory notification failed for 'M:/GitHub/MM/MurderousMusk/Content/Developers/1602897/Collections/' because it was empty or there was a buffer overflow. Attemping another request...
[2017.10.09-11.35.13:222][  3]LogDirectoryWatcher: A directory notification failed for 'M:/GitHub/MM/MurderousMusk/Content/Collections/' because it was empty or there was a buffer overflow. Attemping another request...
[2017.10.09-11.35.13:244][  4]LogDirectoryWatcher: A directory notification failed for 'M:/GitHub/MM/MurderousMusk/Saved/Collections/' because it was empty or there was a buffer overflow. Attemping another request...
[2017.10.09-11.35.13:245][  4]LogDirectoryWatcher: A directory notification failed for 'M:/GitHub/MM/MurderousMusk/Saved/Collections/', and we were unable to create a new request.
[2017.10.09-11.35.13:245][  4]LogDirectoryWatcher: A directory notification failed for 'M:/GitHub/MM/MurderousMusk/Content/Developers/1602897/Collections/' because it was empty or there was a buffer overflow. Attemping another request...
[2017.10.09-11.35.13:245][  4]LogDirectoryWatcher: A directory notification failed for 'M:/GitHub/MM/MurderousMusk/Content/Developers/1602897/Collections/', and we were unable to create a new request.
[2017.10.09-11.35.13:245][  4]LogDirectoryWatcher: A directory notification failed for 'M:/GitHub/MM/MurderousMusk/Content/Collections/' because it was empty or there was a buffer overflow. Attemping another request...
[2017.10.09-11.35.13:246][  4]LogDirectoryWatcher: A directory notification failed for 'M:/GitHub/MM/MurderousMusk/Content/Collections/', and we were unable to create a new request.
[2017.10.09-11.36.52:008][750]LogEditorViewport: Clicking on Actor (LMB): StaticMeshActor (Floor)
[2017.10.09-11.36.53:460][775]LogEditorViewport: Clicking on Actor (LMB): StaticMeshActor (Floor)
[2017.10.09-11.36.55:311][834]Cmd: SELECT NONE
[2017.10.09-11.37.09:815][756]LogSlate: Took 0.019872 seconds to synchronously load lazily loaded font '../../../Engine/Content/Slate/Fonts/Roboto-Light.ttf' (159K)
[2017.10.09-11.37.18:753][892]LogSlate: Took 0.000479 seconds to synchronously load lazily loaded font '../../../Engine/Content/Slate/Fonts/Roboto-Light.ttf' (159K)
[2017.10.09-11.38.13:958][728]LogMetaData: Removing '/Game/TopDownBP/Blueprints/InventoryItem.InventoryItem' ref from Metadata '/Game/TopDownBP/Blueprints/Inventory.PackageMetaData'
[2017.10.09-11.38.13:958][728]LogMetaData: Removing '/Game/TopDownBP/Blueprints/InventoryItem.InventoryItem:range_12_2BEADAD743D4BBA7D4C817B71CFFDAB1' ref from Metadata '/Game/TopDownBP/Blueprints/Inventory.PackageMetaData'
[2017.10.09-11.38.13:958][728]LogMetaData: Removing '/Game/TopDownBP/Blueprints/InventoryItem.InventoryItem:id_9_6D2F90CD481ACDFE2849F98AE2BE8BD0' ref from Metadata '/Game/TopDownBP/Blueprints/Inventory.PackageMetaData'
[2017.10.09-11.38.13:958][728]LogMetaData: Removing '/Game/TopDownBP/Blueprints/InventoryItem.InventoryItem:destruction_7_D59171AA4ECEA9FC5E456C95B3D2187B' ref from Metadata '/Game/TopDownBP/Blueprints/Inventory.PackageMetaData'
[2017.10.09-11.38.13:958][728]LogMetaData: Removing '/Game/TopDownBP/Blueprints/InventoryItem.InventoryItem:damage_5_E6FCF3CB46A75314231ED6B673B9AB5C' ref from Metadata '/Game/TopDownBP/Blueprints/Inventory.PackageMetaData'
[2017.10.09-11.38.13:958][728]LogMetaData: Removing '/Game/TopDownBP/Blueprints/InventoryItem.InventoryItem:type_13_A67C14CB431353D4B21099BF72424188' ref from Metadata '/Game/TopDownBP/Blueprints/Inventory.PackageMetaData'
[2017.10.09-11.38.14:004][728]Cmd: OBJ SAVEPACKAGE PACKAGE="/Game/TopDownBP/Blueprints/InventoryItem" FILE="M:/GitHub/MM/MurderousMusk/Content/TopDownBP/Blueprints/InventoryItem.uasset" SILENT=true
[2017.10.09-11.38.14:131][728]LogSavePackage: Save=98.67ms
[2017.10.09-11.38.14:131][728]LogSavePackage: Moving 'M:/GitHub/MM/MurderousMusk/Saved/InventoryItemB78EF62F436352709904F8BCD2DECF0B.tmp' to 'M:/GitHub/MM/MurderousMusk/Content/TopDownBP/Blueprints/InventoryItem.uasset'
[2017.10.09-11.38.14:152][728]LogSavePackage: Display: Finished SavePackage M:/GitHub/MM/MurderousMusk/Content/TopDownBP/Blueprints/InventoryItem.uasset
